#
# There is insufficient memory for the Java Runtime Environment to continue.
# Native memory allocation (mmap) failed to map 53477376 bytes for committing reserved memory.
# Possible reasons:
#   The system is out of physical RAM or swap space
#   In 32 bit mode, the process size limit was hit
# Possible solutions:
#   Reduce memory load on the system
#   Increase physical memory or swap space
#   Check if swap backing store is full
#   Use 64 bit Java on a 64 bit OS
#   Decrease Java heap size (-Xmx/-Xms)
#   Decrease number of Java threads
#   Decrease Java thread stack sizes (-Xss)
#   Set larger code cache with -XX:ReservedCodeCacheSize=
# This output file may be truncated or incomplete.
#
#  Out of Memory Error (os_linux.cpp:2640), pid=6372, tid=0x00007fa1d0526700
#
# JRE version: OpenJDK Runtime Environment (8.0_152-b01) (build 1.8.0_152-release-1024-b01)
# Java VM: OpenJDK 64-Bit Server VM (25.152-b01 mixed mode linux-amd64 compressed oops)
# Failed to write core dump. Core dumps have been disabled. To enable core dumping, try "ulimit -c unlimited" before starting Java again
#

---------------  T H R E A D  ---------------

Current thread (0x00007fa1e0074000):  VMThread [stack: 0x00007fa1d0426000,0x00007fa1d0527000] [id=6379]

Stack: [0x00007fa1d0426000,0x00007fa1d0527000],  sp=0x00007fa1d0525480,  free space=1021k
Native frames: (J=compiled Java code, j=interpreted, Vv=VM code, C=native code)
V  [libjvm.so+0x9ed02d]  VMError::report_and_die()+0x15d
V  [libjvm.so+0x4b99fa]  report_vm_out_of_memory(char const*, int, unsigned long, VMErrorType, char const*)+0x8a
V  [libjvm.so+0x852c20]  os::pd_commit_memory(char*, unsigned long, unsigned long, bool)+0xf0
V  [libjvm.so+0x84d72f]  os::commit_memory(char*, unsigned long, unsigned long, bool)+0x1f
V  [libjvm.so+0x8c448b]  PSVirtualSpace::expand_by(unsigned long)+0x5b
V  [libjvm.so+0x8c5100]  PSYoungGen::resize_generation(unsigned long, unsigned long)+0xb0
V  [libjvm.so+0x8c541b]  PSYoungGen::resize(unsigned long, unsigned long)+0x1b
V  [libjvm.so+0x8c1b0c]  PSScavenge::invoke_no_policy()+0xdac
V  [libjvm.so+0x8c22e8]  PSScavenge::invoke()+0x38
V  [libjvm.so+0x876633]  ParallelScavengeHeap::failed_mem_allocate(unsigned long)+0x63
V  [libjvm.so+0x9eeb54]  VM_ParallelGCFailedAllocation::doit()+0x84
V  [libjvm.so+0x9f3067]  VM_Operation::evaluate()+0x47
V  [libjvm.so+0x9f1a48]  VMThread::evaluate_operation(VM_Operation*)+0x2c8
V  [libjvm.so+0x9f1ec9]  VMThread::loop()+0x219
V  [libjvm.so+0x9f2312]  VMThread::run()+0x72
V  [libjvm.so+0x850032]  java_start(Thread*)+0xf2

VM_Operation (0x00007fa1a22d4860): ParallelGCFailedAllocation, mode: safepoint, requested by thread 0x00007fa18c2d3000


---------------  P R O C E S S  ---------------

Java Threads: ( => current thread )
  0x00007fa18d167800 JavaThread "Task worker for ':'" [_thread_blocked, id=6413, stack(0x00007fa1931fc000,0x00007fa1932fd000)]
  0x00007fa18d2f9000 JavaThread "Cache worker for Build Output Cleanup Cache (/media/genie/7812ec0e-830d-461f-a442-f7218c300149/Apurva/OLX_BACKUP/OLX_13th_Feb_20109/Olx/.gradle/buildOutputCleanup)" [_thread_blocked, id=6412, stack(0x00007fa1932fd000,0x00007fa1933fe000)]
  0x00007fa18ce7d000 JavaThread "Cache worker for task history cache (/media/genie/7812ec0e-830d-461f-a442-f7218c300149/Apurva/OLX_BACKUP/OLX_13th_Feb_20109/Olx/.gradle/4.4/taskHistory)" [_thread_blocked, id=6411, stack(0x00007fa1933fe000,0x00007fa1934ff000)]
  0x00007fa18d176800 JavaThread "Cache worker for file content cache (/media/genie/7812ec0e-830d-461f-a442-f7218c300149/Apurva/OLX_BACKUP/OLX_13th_Feb_20109/Olx/.gradle/4.4/fileContent)" [_thread_blocked, id=6410, stack(0x00007fa1934ff000,0x00007fa193600000)]
  0x00007fa18c8b0800 JavaThread "Memory manager" [_thread_blocked, id=6405, stack(0x00007fa1a0454000,0x00007fa1a0555000)]
  0x00007fa18ca73800 JavaThread "build operations Thread 2" [_thread_blocked, id=6403, stack(0x00007fa1a1087000,0x00007fa1a1188000)]
  0x00007fa18ca70800 JavaThread "build operations" [_thread_blocked, id=6402, stack(0x00007fa1a1188000,0x00007fa1a1289000)]
  0x00007fa18c809800 JavaThread "Cache worker for Artifact transforms cache (/home/genie/.gradle/caches/transforms-1)" [_thread_blocked, id=6401, stack(0x00007fa1a1489000,0x00007fa1a158a000)]
  0x00007fa18c2d3000 JavaThread "Cache worker for file hash cache (/media/genie/7812ec0e-830d-461f-a442-f7218c300149/Apurva/OLX_BACKUP/OLX_13th_Feb_20109/Olx/.gradle/4.4/fileHashes)" [_thread_blocked, id=6400, stack(0x00007fa1a21d6000,0x00007fa1a22d7000)]
  0x00007fa18c2a7000 JavaThread "File lock request listener" [_thread_in_native, id=6398, stack(0x00007fa1a24d7000,0x00007fa1a25d8000)]
  0x00007fa18c28f000 JavaThread "Cache worker for file hash cache (/home/genie/.gradle/caches/4.4/fileHashes)" [_thread_blocked, id=6397, stack(0x00007fa1a25d8000,0x00007fa1a26d9000)]
  0x00007fa18c024800 JavaThread "Asynchronous log dispatcher for DefaultDaemonConnection: socket connection from /127.0.0.1:50537 to /127.0.0.1:39855" [_thread_blocked, id=6395, stack(0x00007fa1a27da000,0x00007fa1a28db000)]
  0x00007fa198008800 JavaThread "Daemon worker" [_thread_blocked, id=6392, stack(0x00007fa1a2adb000,0x00007fa1a2bdc000)]
  0x00007fa19800b000 JavaThread "Cancel handler" [_thread_blocked, id=6391, stack(0x00007fa1a2bdc000,0x00007fa1a2cdd000)]
  0x00007fa198007800 JavaThread "Handler for socket connection from /127.0.0.1:50537 to /127.0.0.1:39855" [_thread_in_native, id=6390, stack(0x00007fa1a2cdd000,0x00007fa1a2dde000)]
  0x00007fa19c015800 JavaThread "Daemon" [_thread_blocked, id=6389, stack(0x00007fa1a2dde000,0x00007fa1a2edf000)]
  0x00007fa1e0dd2000 JavaThread "Daemon periodic checks" [_thread_blocked, id=6388, stack(0x00007fa1a2edf000,0x00007fa1a2fe0000)]
  0x00007fa1e0daf800 JavaThread "Incoming local TCP Connector on port 50537" [_thread_in_native, id=6387, stack(0x00007fa1a2fe7000,0x00007fa1a30e8000)]
  0x00007fa1e00ba000 JavaThread "Service Thread" daemon [_thread_blocked, id=6385, stack(0x00007fa1c071c000,0x00007fa1c081d000)]
  0x00007fa1e00b7800 JavaThread "C1 CompilerThread1" daemon [_thread_blocked, id=6384, stack(0x00007fa1c081d000,0x00007fa1c091e000)]
  0x00007fa1e00b4800 JavaThread "C2 CompilerThread0" daemon [_thread_blocked, id=6383, stack(0x00007fa1d0022000,0x00007fa1d0123000)]
  0x00007fa1e00b3000 JavaThread "Signal Dispatcher" daemon [_thread_blocked, id=6382, stack(0x00007fa1d0123000,0x00007fa1d0224000)]
  0x00007fa1e0080000 JavaThread "Finalizer" daemon [_thread_blocked, id=6381, stack(0x00007fa1d0224000,0x00007fa1d0325000)]
  0x00007fa1e007b800 JavaThread "Reference Handler" daemon [_thread_blocked, id=6380, stack(0x00007fa1d0325000,0x00007fa1d0426000)]
  0x00007fa1e000a800 JavaThread "main" [_thread_blocked, id=6376, stack(0x00007fa1e8501000,0x00007fa1e8602000)]

Other Threads:
=>0x00007fa1e0074000 VMThread [stack: 0x00007fa1d0426000,0x00007fa1d0527000] [id=6379]
  0x00007fa1e00bc800 WatcherThread [stack: 0x00007fa1c061b000,0x00007fa1c071c000] [id=6386]

VM state:at safepoint (normal execution)

VM Mutex/Monitor currently owned by a thread:  ([mutex/lock_event])
[0x00007fa1e0006fe0] Threads_lock - owner thread: 0x00007fa1e0074000
[0x00007fa1e00074e0] Heap_lock - owner thread: 0x00007fa18c2d3000

Heap:
 PSYoungGen      total 188928K, used 15870K [0x00000000e0000000, 0x00000000ef600000, 0x0000000100000000)
  eden space 173056K, 0% used [0x00000000e0000000,0x00000000e0000000,0x00000000ea900000)
  from space 15872K, 99% used [0x00000000ea900000,0x00000000eb87f990,0x00000000eb880000)
  to   space 13312K, 0% used [0x00000000eb880000,0x00000000eb880000,0x00000000ec580000)
 ParOldGen       total 59392K, used 27915K [0x00000000a0000000, 0x00000000a3a00000, 0x00000000e0000000)
  object space 59392K, 47% used [0x00000000a0000000,0x00000000a1b42ee8,0x00000000a3a00000)
 Metaspace       used 53566K, capacity 55372K, committed 55640K, reserved 1097728K
  class space    used 7336K, capacity 7783K, committed 7808K, reserved 1048576K

Card table byte_map: [0x00007fa1e5091000,0x00007fa1e5392000] byte_map_base: 0x00007fa1e4b91000

Marking Bits: (ParMarkBitMap*) 0x00007fa1e79d2440
 Begin Bits: [0x00007fa1c1000000, 0x00007fa1c2800000)
 End Bits:   [0x00007fa1c2800000, 0x00007fa1c4000000)

Polling page: 0x00007fa1e8622000

CodeCache: size=245760Kb used=16996Kb max_used=17492Kb free=228763Kb
 bounds [0x00007fa1d1000000, 0x00007fa1d2130000, 0x00007fa1e0000000]
 total_blobs=6121 nmethods=5363 adapters=672
 compilation: enabled

Compilation events (10 events):
Event: 347.896 Thread 0x00007fa1e00b7800 nmethod 6191 0x00007fa1d1f3d9d0 code [0x00007fa1d1f3dbc0, 0x00007fa1d1f3e678]
Event: 348.134 Thread 0x00007fa1e00b4800 nmethod 6172 0x00007fa1d13e2690 code [0x00007fa1d13e27e0, 0x00007fa1d13e28d8]
Event: 348.320 Thread 0x00007fa1e00b4800 6188       4       java.util.concurrent.locks.AbstractQueuedSynchronizer::hasQueuedPredecessors (40 bytes)
Event: 359.596 Thread 0x00007fa1e00b4800 nmethod 6188 0x00007fa1d1690b90 code [0x00007fa1d1690ce0, 0x00007fa1d1690d98]
Event: 360.057 Thread 0x00007fa1e00b7800 6193       3       org.gradle.internal.time.DefaultTimer::<init> (14 bytes)
Event: 376.769 Thread 0x00007fa1e00b7800 nmethod 6193 0x00007fa1d171bb50 code [0x00007fa1d171bce0, 0x00007fa1d171c050]
Event: 376.790 Thread 0x00007fa1e00b4800 6198   !   4       java.lang.StringCoding::decode (120 bytes)
Event: 378.616 Thread 0x00007fa1e00b7800 6194       3       org.gradle.internal.serialize.InputStreamBackedDecoder::readBoolean (8 bytes)
Event: 393.435 Thread 0x00007fa1e00b7800 nmethod 6194 0x00007fa1d13e66d0 code [0x00007fa1d13e6860, 0x00007fa1d13e6c98]
Event: 396.440 Thread 0x00007fa1e00b7800 6201       3       java.lang.Long::stringSize (38 bytes)

GC Heap History (10 events):
Event: 13.280 GC heap after
Heap after GC invocations=6 (full 1):
 PSYoungGen      total 66048K, used 0K [0x00000000e0000000, 0x00000000e9000000, 0x0000000100000000)
  eden space 63488K, 0% used [0x00000000e0000000,0x00000000e0000000,0x00000000e3e00000)
  from space 2560K, 0% used [0x00000000e3e00000,0x00000000e3e00000,0x00000000e4080000)
  to   space 10240K, 0% used [0x00000000e8600000,0x00000000e8600000,0x00000000e9000000)
 ParOldGen       total 43520K, used 13142K [0x00000000a0000000, 0x00000000a2a80000, 0x00000000e0000000)
  object space 43520K, 30% used [0x00000000a0000000,0x00000000a0cd5998,0x00000000a2a80000)
 Metaspace       used 20679K, capacity 21022K, committed 21248K, reserved 1067008K
  class space    used 2889K, capacity 3005K, committed 3072K, reserved 1048576K
}
Event: 15.379 GC heap before
{Heap before GC invocations=7 (full 1):
 PSYoungGen      total 66048K, used 63488K [0x00000000e0000000, 0x00000000e9000000, 0x0000000100000000)
  eden space 63488K, 100% used [0x00000000e0000000,0x00000000e3e00000,0x00000000e3e00000)
  from space 2560K, 0% used [0x00000000e3e00000,0x00000000e3e00000,0x00000000e4080000)
  to   space 10240K, 0% used [0x00000000e8600000,0x00000000e8600000,0x00000000e9000000)
 ParOldGen       total 43520K, used 13142K [0x00000000a0000000, 0x00000000a2a80000, 0x00000000e0000000)
  object space 43520K, 30% used [0x00000000a0000000,0x00000000a0cd5998,0x00000000a2a80000)
 Metaspace       used 26349K, capacity 26814K, committed 27136K, reserved 1073152K
  class space    used 3635K, capacity 3796K, committed 3840K, reserved 1048576K
Event: 15.442 GC heap after
Heap after GC invocations=7 (full 1):
 PSYoungGen      total 114176K, used 7033K [0x00000000e0000000, 0x00000000e8d00000, 0x0000000100000000)
  eden space 107008K, 0% used [0x00000000e0000000,0x00000000e0000000,0x00000000e6880000)
  from space 7168K, 98% used [0x00000000e8600000,0x00000000e8cde5f8,0x00000000e8d00000)
  to   space 10240K, 0% used [0x00000000e7900000,0x00000000e7900000,0x00000000e8300000)
 ParOldGen       total 43520K, used 13150K [0x00000000a0000000, 0x00000000a2a80000, 0x00000000e0000000)
  object space 43520K, 30% used [0x00000000a0000000,0x00000000a0cd7998,0x00000000a2a80000)
 Metaspace       used 26349K, capacity 26814K, committed 27136K, reserved 1073152K
  class space    used 3635K, capacity 3796K, committed 3840K, reserved 1048576K
}
Event: 24.840 GC heap before
{Heap before GC invocations=8 (full 1):
 PSYoungGen      total 114176K, used 98442K [0x00000000e0000000, 0x00000000e8d00000, 0x0000000100000000)
  eden space 107008K, 85% used [0x00000000e0000000,0x00000000e5944290,0x00000000e6880000)
  from space 7168K, 98% used [0x00000000e8600000,0x00000000e8cde5f8,0x00000000e8d00000)
  to   space 10240K, 0% used [0x00000000e7900000,0x00000000e7900000,0x00000000e8300000)
 ParOldGen       total 43520K, used 13150K [0x00000000a0000000, 0x00000000a2a80000, 0x00000000e0000000)
  object space 43520K, 30% used [0x00000000a0000000,0x00000000a0cd7998,0x00000000a2a80000)
 Metaspace       used 34430K, capacity 35100K, committed 35416K, reserved 1079296K
  class space    used 4758K, capacity 4966K, committed 4992K, reserved 1048576K
Event: 24.895 GC heap after
Heap after GC invocations=8 (full 1):
 PSYoungGen      total 134144K, used 10235K [0x00000000e0000000, 0x00000000ec580000, 0x0000000100000000)
  eden space 123904K, 0% used [0x00000000e0000000,0x00000000e0000000,0x00000000e7900000)
  from space 10240K, 99% used [0x00000000e7900000,0x00000000e82feeb0,0x00000000e8300000)
  to   space 13312K, 0% used [0x00000000eb880000,0x00000000eb880000,0x00000000ec580000)
 ParOldGen       total 43520K, used 15919K [0x00000000a0000000, 0x00000000a2a80000, 0x00000000e0000000)
  object space 43520K, 36% used [0x00000000a0000000,0x00000000a0f8be00,0x00000000a2a80000)
 Metaspace       used 34430K, capacity 35100K, committed 35416K, reserved 1079296K
  class space    used 4758K, capacity 4966K, committed 4992K, reserved 1048576K
}
Event: 24.895 GC heap before
{Heap before GC invocations=9 (full 2):
 PSYoungGen      total 134144K, used 10235K [0x00000000e0000000, 0x00000000ec580000, 0x0000000100000000)
  eden space 123904K, 0% used [0x00000000e0000000,0x00000000e0000000,0x00000000e7900000)
  from space 10240K, 99% used [0x00000000e7900000,0x00000000e82feeb0,0x00000000e8300000)
  to   space 13312K, 0% used [0x00000000eb880000,0x00000000eb880000,0x00000000ec580000)
 ParOldGen       total 43520K, used 15919K [0x00000000a0000000, 0x00000000a2a80000, 0x00000000e0000000)
  object space 43520K, 36% used [0x00000000a0000000,0x00000000a0f8be00,0x00000000a2a80000)
 Metaspace       used 34430K, capacity 35100K, committed 35416K, reserved 1079296K
  class space    used 4758K, capacity 4966K, committed 4992K, reserved 1048576K
Event: 25.051 GC heap after
Heap after GC invocations=9 (full 2):
 PSYoungGen      total 134144K, used 0K [0x00000000e0000000, 0x00000000ec580000, 0x0000000100000000)
  eden space 123904K, 0% used [0x00000000e0000000,0x00000000e0000000,0x00000000e7900000)
  from space 10240K, 0% used [0x00000000e7900000,0x00000000e7900000,0x00000000e8300000)
  to   space 13312K, 0% used [0x00000000eb880000,0x00000000eb880000,0x00000000ec580000)
 ParOldGen       total 59392K, used 19264K [0x00000000a0000000, 0x00000000a3a00000, 0x00000000e0000000)
  object space 59392K, 32% used [0x00000000a0000000,0x00000000a12d0320,0x00000000a3a00000)
 Metaspace       used 34430K, capacity 35100K, committed 35416K, reserved 1079296K
  class space    used 4758K, capacity 4966K, committed 4992K, reserved 1048576K
}
Event: 30.940 GC heap before
{Heap before GC invocations=10 (full 2):
 PSYoungGen      total 134144K, used 123904K [0x00000000e0000000, 0x00000000ec580000, 0x0000000100000000)
  eden space 123904K, 100% used [0x00000000e0000000,0x00000000e7900000,0x00000000e7900000)
  from space 10240K, 0% used [0x00000000e7900000,0x00000000e7900000,0x00000000e8300000)
  to   space 13312K, 0% used [0x00000000eb880000,0x00000000eb880000,0x00000000ec580000)
 ParOldGen       total 59392K, used 19264K [0x00000000a0000000, 0x00000000a3a00000, 0x00000000e0000000)
  object space 59392K, 32% used [0x00000000a0000000,0x00000000a12d0320,0x00000000a3a00000)
 Metaspace       used 42447K, capacity 43408K, committed 43864K, reserved 1087488K
  class space    used 5860K, capacity 6169K, committed 6272K, reserved 1048576K
Event: 31.802 GC heap after
Heap after GC invocations=10 (full 2):
 PSYoungGen      total 186368K, used 13281K [0x00000000e0000000, 0x00000000ef600000, 0x0000000100000000)
  eden space 173056K, 0% used [0x00000000e0000000,0x00000000e0000000,0x00000000ea900000)
  from space 13312K, 99% used [0x00000000eb880000,0x00000000ec578760,0x00000000ec580000)
  to   space 15872K, 0% used [0x00000000ea900000,0x00000000ea900000,0x00000000eb880000)
 ParOldGen       total 59392K, used 19565K [0x00000000a0000000, 0x00000000a3a00000, 0x00000000e0000000)
  object space 59392K, 32% used [0x00000000a0000000,0x00000000a131b5e8,0x00000000a3a00000)
 Metaspace       used 42447K, capacity 43408K, committed 43864K, reserved 1087488K
  class space    used 5860K, capacity 6169K, committed 6272K, reserved 1048576K
}
Event: 432.518 GC heap before
{Heap before GC invocations=11 (full 2):
 PSYoungGen      total 186368K, used 186337K [0x00000000e0000000, 0x00000000ef600000, 0x0000000100000000)
  eden space 173056K, 100% used [0x00000000e0000000,0x00000000ea900000,0x00000000ea900000)
  from space 13312K, 99% used [0x00000000eb880000,0x00000000ec578760,0x00000000ec580000)
  to   space 15872K, 0% used [0x00000000ea900000,0x00000000ea900000,0x00000000eb880000)
 ParOldGen       total 59392K, used 19565K [0x00000000a0000000, 0x00000000a3a00000, 0x00000000e0000000)
  object space 59392K, 32% used [0x00000000a0000000,0x00000000a131b5e8,0x00000000a3a00000)
 Metaspace       used 53566K, capacity 55372K, committed 55640K, reserved 1097728K
  class space    used 7336K, capacity 7783K, committed 7808K, reserved 1048576K

Deoptimization events (10 events):
Event: 65.905 Thread 0x00007fa18d167800 Uncommon trap: reason=bimorphic action=maybe_recompile pc=0x00007fa1d17d43b0 method=com.google.common.collect.NaturalOrdering.compare(Ljava/lang/Comparable;Ljava/lang/Comparable;)I @ 12
Event: 66.356 Thread 0x00007fa18d167800 Uncommon trap: reason=unstable_if action=reinterpret pc=0x00007fa1d14bbea0 method=java.lang.AbstractStringBuilder.append(Ljava/lang/String;)Ljava/lang/AbstractStringBuilder; @ 1
Event: 76.989 Thread 0x00007fa18d167800 Uncommon trap: reason=class_check action=maybe_recompile pc=0x00007fa1d1359700 method=com.google.common.io.CountingInputStream.read()I @ 4
Event: 77.002 Thread 0x00007fa18d167800 Uncommon trap: reason=class_check action=maybe_recompile pc=0x00007fa1d1359700 method=com.google.common.io.CountingInputStream.read()I @ 4
Event: 77.003 Thread 0x00007fa18d167800 Uncommon trap: reason=class_check action=maybe_recompile pc=0x00007fa1d1359700 method=com.google.common.io.CountingInputStream.read()I @ 4
Event: 77.003 Thread 0x00007fa18d167800 Uncommon trap: reason=class_check action=maybe_recompile pc=0x00007fa1d1359700 method=com.google.common.io.CountingInputStream.read()I @ 4
Event: 77.003 Thread 0x00007fa18d167800 Uncommon trap: reason=class_check action=maybe_recompile pc=0x00007fa1d184c51c method=com.google.common.io.CountingInputStream.read([BII)I @ 7
Event: 77.003 Thread 0x00007fa18d167800 Uncommon trap: reason=class_check action=maybe_recompile pc=0x00007fa1d184c51c method=com.google.common.io.CountingInputStream.read([BII)I @ 7
Event: 77.014 Thread 0x00007fa18d167800 Uncommon trap: reason=class_check action=maybe_recompile pc=0x00007fa1d184c51c method=com.google.common.io.CountingInputStream.read([BII)I @ 7
Event: 77.261 Thread 0x00007fa18d167800 Uncommon trap: reason=class_check action=maybe_recompile pc=0x00007fa1d184c51c method=com.google.common.io.CountingInputStream.read([BII)I @ 7

Classes redefined (0 events):
No events

Internal exceptions (10 events):
Event: 361.430 Thread 0x00007fa18c8b0800 Exception <a 'java/io/IOException'> (0x00000000ea677b38) thrown at [/usr/local/google/home/ralucas/source/AOSP-openjdk-git/jdk8u/hotspot/src/share/vm/prims/jni.cpp, line 709]
Event: 367.803 Thread 0x00007fa18c8b0800 Exception <a 'java/io/IOException'> (0x00000000ea67fc48) thrown at [/usr/local/google/home/ralucas/source/AOSP-openjdk-git/jdk8u/hotspot/src/share/vm/prims/jni.cpp, line 709]
Event: 378.024 Thread 0x00007fa18c8b0800 Exception <a 'java/io/IOException'> (0x00000000ea687d58) thrown at [/usr/local/google/home/ralucas/source/AOSP-openjdk-git/jdk8u/hotspot/src/share/vm/prims/jni.cpp, line 709]
Event: 380.314 Thread 0x00007fa18c8b0800 Exception <a 'java/io/IOException'> (0x00000000ea68fe48) thrown at [/usr/local/google/home/ralucas/source/AOSP-openjdk-git/jdk8u/hotspot/src/share/vm/prims/jni.cpp, line 709]
Event: 382.168 Thread 0x00007fa18c8b0800 Exception <a 'java/io/IOException'> (0x00000000ea697f58) thrown at [/usr/local/google/home/ralucas/source/AOSP-openjdk-git/jdk8u/hotspot/src/share/vm/prims/jni.cpp, line 709]
Event: 396.436 Thread 0x00007fa18c8b0800 Exception <a 'java/io/IOException'> (0x00000000ea69e058) thrown at [/usr/local/google/home/ralucas/source/AOSP-openjdk-git/jdk8u/hotspot/src/share/vm/prims/jni.cpp, line 709]
Event: 398.412 Thread 0x00007fa18c8b0800 Exception <a 'java/io/IOException'> (0x00000000ea7e2e10) thrown at [/usr/local/google/home/ralucas/source/AOSP-openjdk-git/jdk8u/hotspot/src/share/vm/prims/jni.cpp, line 709]
Event: 398.413 Thread 0x00007fa18c8b0800 Exception <a 'java/io/IOException'> (0x00000000ea7eaf00) thrown at [/usr/local/google/home/ralucas/source/AOSP-openjdk-git/jdk8u/hotspot/src/share/vm/prims/jni.cpp, line 709]
Event: 411.860 Thread 0x00007fa18c8b0800 Exception <a 'java/io/IOException'> (0x00000000ea7f3010) thrown at [/usr/local/google/home/ralucas/source/AOSP-openjdk-git/jdk8u/hotspot/src/share/vm/prims/jni.cpp, line 709]
Event: 420.015 Thread 0x00007fa18c8b0800 Exception <a 'java/io/IOException'> (0x00000000ea7fb0f8) thrown at [/usr/local/google/home/ralucas/source/AOSP-openjdk-git/jdk8u/hotspot/src/share/vm/prims/jni.cpp, line 709]

Events (10 events):
Event: 340.600 Thread 0x00007fa1e00b7800 flushing nmethod 0x00007fa1d1ea2a90
Event: 340.600 Thread 0x00007fa1e00b7800 flushing nmethod 0x00007fa1d1ea6090
Event: 340.600 Thread 0x00007fa1e00b7800 flushing nmethod 0x00007fa1d1edf450
Event: 340.600 Thread 0x00007fa1e00b7800 flushing nmethod 0x00007fa1d1ef8150
Event: 340.601 Thread 0x00007fa1e00b7800 flushing nmethod 0x00007fa1d1f3d9d0
Event: 340.601 Thread 0x00007fa1e00b7800 flushing nmethod 0x00007fa1d1f86050
Event: 340.601 Thread 0x00007fa1e00b7800 flushing nmethod 0x00007fa1d1fa0690
Event: 340.601 Thread 0x00007fa1e00b7800 flushing nmethod 0x00007fa1d1fb2d50
Event: 340.601 Thread 0x00007fa1e00b7800 flushing nmethod 0x00007fa1d1fb38d0
Event: 429.562 Executing VM operation: ParallelGCFailedAllocation


Dynamic libraries:
00400000-00401000 r-xp 00000000 08:05 5508566                            /home/genie/Downloads/android-studio/jre/bin/java
00600000-00601000 r--p 00000000 08:05 5508566                            /home/genie/Downloads/android-studio/jre/bin/java
00601000-00602000 rw-p 00001000 08:05 5508566                            /home/genie/Downloads/android-studio/jre/bin/java
02568000-02589000 rw-p 00000000 00:00 0                                  [heap]
a0000000-a3a00000 rw-p 00000000 00:00 0 
a3a00000-e0000000 ---p 00000000 00:00 0 
e0000000-ef600000 rw-p 00000000 00:00 0 
f2900000-100000000 ---p 00000000 00:00 0 
100000000-1007a0000 rw-p 00000000 00:00 0 
1007a0000-140000000 ---p 00000000 00:00 0 
7fa18c000000-7fa18d30a000 rw-p 00000000 00:00 0 
7fa18d30a000-7fa190000000 ---p 00000000 00:00 0 
7fa192ffc000-7fa1930bc000 rw-p 00000000 00:00 0 
7fa1930bc000-7fa1931fc000 ---p 00000000 00:00 0 
7fa1931fc000-7fa1931ff000 ---p 00000000 00:00 0 
7fa1931ff000-7fa1932fd000 rw-p 00000000 00:00 0                          [stack:6413]
7fa1932fd000-7fa193300000 ---p 00000000 00:00 0 
7fa193300000-7fa1933fe000 rw-p 00000000 00:00 0                          [stack:6412]
7fa1933fe000-7fa193401000 ---p 00000000 00:00 0 
7fa193401000-7fa1934ff000 rw-p 00000000 00:00 0                          [stack:6411]
7fa1934ff000-7fa193502000 ---p 00000000 00:00 0 
7fa193502000-7fa193800000 rw-p 00000000 00:00 0                          [stack:6410]
7fa193800000-7fa193a00000 rw-p 00000000 00:00 0 
7fa193a00000-7fa193c00000 rw-p 00000000 00:00 0 
7fa193c00000-7fa193e00000 rw-p 00000000 00:00 0 
7fa193e00000-7fa194000000 rw-p 00000000 00:00 0 
7fa194000000-7fa194021000 rw-p 00000000 00:00 0 
7fa194021000-7fa198000000 ---p 00000000 00:00 0 
7fa198000000-7fa19828a000 rw-p 00000000 00:00 0 
7fa19828a000-7fa19c000000 ---p 00000000 00:00 0 
7fa19c000000-7fa19c066000 rw-p 00000000 00:00 0 
7fa19c066000-7fa1a0000000 ---p 00000000 00:00 0 
7fa1a003e000-7fa1a003f000 rw-p 00000000 00:00 0 
7fa1a003f000-7fa1a0051000 r--s 00345000 08:05 5508758                    /home/genie/Downloads/android-studio/jre/jre/lib/resources.jar
7fa1a0051000-7fa1a0251000 rw-p 00000000 00:00 0 
7fa1a0251000-7fa1a0254000 r--s 00015000 08:05 5508768                    /home/genie/Downloads/android-studio/jre/jre/lib/jce.jar
7fa1a0254000-7fa1a0454000 rw-p 00000000 00:00 0 
7fa1a0454000-7fa1a0457000 ---p 00000000 00:00 0 
7fa1a0457000-7fa1a0755000 rw-p 00000000 00:00 0                          [stack:6405]
7fa1a0755000-7fa1a094b000 rw-p 00000000 00:00 0 
7fa1a094b000-7fa1a0955000 ---p 00000000 00:00 0 
7fa1a0955000-7fa1a0b55000 rw-p 00000000 00:00 0 
7fa1a0b55000-7fa1a0b56000 r--s 00005000 08:05 3283554                    /home/genie/.gradle/caches/modules-2/files-2.1/com.sun.istack/istack-commons-runtime/2.21/c969d8f15c467f0ef7d7b04889afbe7b5d48e22f/istack-commons-runtime-2.21.jar
7fa1a0b56000-7fa1a0b58000 r--s 0000f000 08:05 3283553                    /home/genie/.gradle/caches/modules-2/files-2.1/org.glassfish.jaxb/txw2/2.2.11/2df047d8c187a62f2177bf6013f1f9786cdfc8a2/txw2-2.2.11.jar
7fa1a0b58000-7fa1a0b5b000 r--s 00016000 08:05 3283552                    /home/genie/.gradle/caches/modules-2/files-2.1/javax.xml.bind/jaxb-api/2.2.12-b140109.1041/7ed0e0d01198614194d56dfb03d9d95aa311824c/jaxb-api-2.2.12-b140109.1041.jar
7fa1a0b5b000-7fa1a0b60000 r--s 00044000 08:05 3283551                    /home/genie/.gradle/caches/modules-2/files-2.1/com.sun.xml.fastinfoset/FastInfoset/1.2.13/98f56b9354e27bd2941cc5d461344e240ae51ae/FastInfoset-1.2.13.jar
7fa1a0b60000-7fa1a0b62000 r--s 00007000 08:05 3283550                    /home/genie/.gradle/caches/modules-2/files-2.1/org.jvnet.staxex/stax-ex/1.7.7/18bed5a0da27a6b43efe01282f2dc911b1cb3a72/stax-ex-1.7.7.jar
7fa1a0b62000-7fa1a0b67000 r--s 00021000 08:05 3283549                    /home/genie/.gradle/caches/modules-2/files-2.1/org.glassfish.jaxb/jaxb-core/2.2.11/f5745049f5fb9cb9d9b5f513c207727f475983e9/jaxb-core-2.2.11.jar
7fa1a0b67000-7fa1a0b6d000 r--s 00033000 08:05 3283425                    /home/genie/.gradle/caches/modules-2/files-2.1/commons-codec/commons-codec/1.6/b7f0fc8f61ecadeb3695f0b9464755eee44374d4/commons-codec-1.6.jar
7fa1a0b6d000-7fa1a0b6f000 r--s 0000d000 08:05 3283424                    /home/genie/.gradle/caches/modules-2/files-2.1/commons-logging/commons-logging/1.1.1/5043bfebc3db072ed80fbd362e7caf00e885d8ae/commons-logging-1.1.1.jar
7fa1a0b6f000-7fa1a0b75000 r--s 00032000 08:05 3283423                    /home/genie/.gradle/caches/modules-2/files-2.1/org.apache.httpcomponents/httpcore/4.2.5/472f0f5f8dba5d1962cb9d7739feed739a31c30d/httpcore-4.2.5.jar
7fa1a0b75000-7fa1a0b86000 r--s 000eb000 08:05 3283545                    /home/genie/.gradle/caches/modules-2/files-2.1/org.glassfish.jaxb/jaxb-runtime/2.2.11/65510afc78679e347b0d774617a97fedac94f8/jaxb-runtime-2.2.11.jar
7fa1a0b86000-7fa1a0b89000 r--s 00011000 08:05 3283544                    /home/genie/.gradle/caches/modules-2/files-2.1/com.sun.activation/javax.activation/1.2.0/bf744c1e2776ed1de3c55c8dac1057ec331ef744/javax.activation-1.2.0.jar
7fa1a0b89000-7fa1a0b8b000 r--s 00003000 08:05 3283543                    /home/genie/.gradle/caches/modules-2/files-2.1/org.jetbrains/annotations/13.0/919f0dfe192fb4e063e7dacadee7f8bb9a2672a9/annotations-13.0.jar
7fa1a0b8b000-7fa1a0b8c000 r--s 0000a000 08:05 3283542                    /home/genie/.gradle/caches/modules-2/files-2.1/net.sf.kxml/kxml2/2.3.0/ccbc77a5fd907ef863c29f3596c6f54ffa4e9442/kxml2-2.3.0.jar
7fa1a0b8c000-7fa1a0b8e000 r--s 00005000 08:05 3283421                    /home/genie/.gradle/caches/modules-2/files-2.1/org.apache.httpcomponents/httpmime/4.1/9ba2dcdf94ce35c8a8e9bff242db0618ca932e92/httpmime-4.1.jar
7fa1a0b8e000-7fa1a0b98000 r--s 00061000 08:05 3283420                    /home/genie/.gradle/caches/modules-2/files-2.1/org.apache.httpcomponents/httpclient/4.2.6/e4ca30a6a3a075053a61c6fc850d2432dc012ba7/httpclient-4.2.6.jar
7fa1a0b98000-7fa1a0ba1000 r--s 00064000 08:05 3283539                    /home/genie/.gradle/caches/modules-2/files-2.1/org.apache.commons/commons-compress/1.12/84caa68576e345eb5e7ae61a0e5a9229eb100d7b/commons-compress-1.12.jar
7fa1a0ba1000-7fa1a0ba2000 r--s 00000000 08:05 3283538                    /home/genie/.gradle/caches/modules-2/files-2.1/org.codehaus.mojo/animal-sniffer-annotations/1.14/775b7e22fb10026eed3f86e8dc556dfafe35f2d5/animal-sniffer-annotations-1.14.jar
7fa1a0ba2000-7fa1a0ba4000 r--s 00001000 08:05 3283537                    /home/genie/.gradle/caches/modules-2/files-2.1/com.google.j2objc/j2objc-annotations/1.1/976d8d30bebc251db406f2bdb3eb01962b5685b3/j2objc-annotations-1.1.jar
7fa1a0ba4000-7fa1a0ba7000 r--s 00006000 08:05 3283536                    /home/genie/.gradle/caches/modules-2/files-2.1/com.google.code.findbugs/jsr305/1.3.9/40719ea6961c0cb6afaeb6a921eaa1f6afd4cfdf/jsr305-1.3.9.jar
7fa1a0ba7000-7fa1a0bb7000 r--s 000d6000 08:05 3283417                    /home/genie/.gradle/caches/modules-2/files-2.1/net.sf.proguard/proguard-base/5.3.3/988b6b0636ce343d4962b3b37f6319dcc6e99a61/proguard-base-5.3.3.jar
7fa1a0bb7000-7fa1a0bc7000 r--s 000d4000 08:05 3283647                    /home/genie/.gradle/caches/modules-2/files-2.1/org.jetbrains.kotlin/kotlin-stdlib/1.2.0/25eb440d6eeb9fc60299121020fe726eb2100d03/kotlin-stdlib-1.2.0.jar
7fa1a0bc7000-7fa1a0bc8000 r--s 00000000 08:05 3283533                    /home/genie/.gradle/caches/modules-2/files-2.1/org.jetbrains.kotlin/kotlin-stdlib-jre7/1.2.0/ec8b969e26fbcf2265a4d1a1539c4d1d4c5af380/kotlin-stdlib-jre7-1.2.0.jar
7fa1a0bc8000-7fa1a0bc9000 r--s 00001000 08:05 3283646                    /home/genie/.gradle/caches/modules-2/files-2.1/com.android.tools/annotations/26.1.3/b3372d7a713131ce5022b82db95407c2584a6b27/annotations-26.1.3.jar
7fa1a0bc9000-7fa1a0bce000 r--s 00034000 08:05 3283642                    /home/genie/.gradle/caches/modules-2/files-2.1/com.google.code.gson/gson/2.7/751f548c85fa49f330cecbb1875893f971b33c4e/gson-2.7.jar
7fa1a0bce000-7fa1a0bd0000 r--s 00015000 08:05 3283530                    /home/genie/.gradle/caches/modules-2/files-2.1/com.squareup/javapoet/1.8.0/e858dc62ef484048540d27d36f3ec2177a3fa9b1/javapoet-1.8.0.jar
7fa1a0bd0000-7fa1a0bd3000 r--s 00033000 08:05 3283529                    /home/genie/.gradle/caches/modules-2/files-2.1/com.googlecode.juniversalchardet/juniversalchardet/1.0.3/cd49678784c46aa8789c060538e0154013bb421b/juniversalchardet-1.0.3.jar
7fa1a0bd3000-7fa1a0bd7000 r--s 0002a000 08:05 3283528                    /home/genie/.gradle/caches/modules-2/files-2.1/commons-io/commons-io/2.4/b1b6ea3b7e4aa4f492509a4952029cd8e48019ad/commons-io-2.4.jar
7fa1a0bd7000-7fa1a0bee000 r--s 00154000 08:05 3283527                    /home/genie/.gradle/caches/modules-2/files-2.1/org.antlr/antlr4/4.5.3/f35db7e4b2446e4174ba6a73db7bd6b3e6bb5da1/antlr4-4.5.3.jar
7fa1a0bee000-7fa1a0bef000 r--s 00003000 08:05 3283640                    /home/genie/.gradle/caches/modules-2/files-2.1/com.android.databinding/baseLibrary/3.1.3/788508016bbd6fa96d90464b58e5284f63366d50/baseLibrary-3.1.3.jar
7fa1a0bef000-7fa1a0c23000 r--s 00239000 08:05 3283525                    /home/genie/.gradle/caches/modules-2/files-2.1/org.jetbrains.kotlin/kotlin-reflect/1.2.0/4bbda3b5425aa38a9f6960468a29c5ef3e8a28c9/kotlin-reflect-1.2.0.jar
7fa1a0c23000-7fa1a0c24000 r--s 00003000 08:05 3283524                    /home/genie/.gradle/caches/modules-2/files-2.1/com.googlecode.json-simple/json-simple/1.1/5e303a03d04e6788dddfa3655272580ae0fc13bb/json-simple-1.1.jar
7fa1a0c24000-7fa1a0d49000 r--s 00f5d000 08:05 3283523                    /home/genie/.gradle/caches/modules-2/files-2.1/it.unimi.dsi/fastutil/7.2.0/5ad3a2bb04143f70aa0765fc29fc29571a7d6b34/fastutil-7.2.0.jar
7fa1a0d49000-7fa1a0d94000 r--s 002ff000 08:05 3283522                    /home/genie/.gradle/caches/modules-2/files-2.1/org.bouncycastle/bcprov-jdk15on/1.56/a153c6f9744a3e9dd6feab5e210e1c9861362ec7/bcprov-jdk15on-1.56.jar
7fa1a0d94000-7fa1a0da5000 r--s 00097000 08:05 3283521                    /home/genie/.gradle/caches/modules-2/files-2.1/org.bouncycastle/bcpkix-jdk15on/1.56/4648af70268b6fdb24674fb1fd7c1fcc73db1231/bcpkix-jdk15on-1.56.jar
7fa1a0da5000-7fa1a0da7000 r--s 00002000 08:05 3283520                    /home/genie/.gradle/caches/modules-2/files-2.1/com.squareup/javawriter/2.5.0/81241ff7078ef14f42ea2a8995fa09c096256e6b/javawriter-2.5.0.jar
7fa1a0da7000-7fa1a0dac000 r--s 0003f000 08:05 3283638                    /home/genie/.gradle/caches/modules-2/files-2.1/com.android.tools.build/apksig/3.1.3/72611f38098799f2eade760cd68468299264930b/apksig-3.1.3.jar
7fa1a0dac000-7fa1a0daf000 r--s 00007000 08:05 3283639                    /home/genie/.gradle/caches/modules-2/files-2.1/com.android.tools.build/builder-model/3.1.3/b87a8f87d1d512fdd7beac9f0745e478d80540ae/builder-model-3.1.3.jar
7fa1a0daf000-7fa1a0db0000 r--s 00002000 08:05 3283637                    /home/genie/.gradle/caches/modules-2/files-2.1/com.google.errorprone/error_prone_annotations/2.1.2/6dcc08f90f678ac33e5ef78c3c752b6f59e63e0c/error_prone_annotations-2.1.2.jar
7fa1a0db0000-7fa1a0dbf000 r--s 00143000 08:05 3283516                    /home/genie/.gradle/caches/modules-2/files-2.1/com.google.protobuf/protobuf-java/3.4.0/b32aba0cbe737a4ca953f71688725972e3ee927c/protobuf-java-3.4.0.jar
7fa1a0dbf000-7fa1a0dd5000 r--s 001f6000 08:05 3283635                    /home/genie/.gradle/caches/modules-2/files-2.1/com.android.tools.analytics-library/protos/26.1.3/6940093b88cc71f2c0bf1525cc407be899d35b6f/protos-26.1.3.jar
7fa1a0dd5000-7fa1a0ddb000 r--s 0007f000 08:05 3283634                    /home/genie/.gradle/caches/modules-2/files-2.1/com.android.tools.build/aapt2-proto/0.1.0/d1eb93a21a8d3590c3bfac574a8b6dffb2dbd21c/aapt2-proto-0.1.0.jar
7fa1a0ddb000-7fa1a0e0b000 r--s 00245000 08:05 3283414                    /home/genie/.gradle/caches/modules-2/files-2.1/com.google.guava/guava/22.0/3564ef3803de51fb0530a8377ec6100b33b0d073/guava-22.0.jar
7fa1a0e0b000-7fa1a0e0f000 r--s 0002f000 08:05 3283512                    /home/genie/.gradle/caches/modules-2/files-2.1/com.google.jimfs/jimfs/1.1/8fbd0579dc68aba6186935cc1bee21d2f3e7ec1c/jimfs-1.1.jar
7fa1a0e0f000-7fa1a0e13000 r--s 00029000 08:05 3283633                    /home/genie/.gradle/caches/modules-2/files-2.1/com.android.tools/common/26.1.3/ee0a1ccb7a9a276c05a2b19e8ccb0c3fa9e03b72/common-26.1.3.jar
7fa1a0e13000-7fa1a0e15000 r--s 00006000 08:05 3283632                    /home/genie/.gradle/caches/modules-2/files-2.1/com.android.tools/dvlib/26.1.3/fc4804359bbd0168fe52e746c5d455fc2afa0080/dvlib-26.1.3.jar
7fa1a0e15000-7fa1a0e18000 r--s 00014000 08:05 3283631                    /home/genie/.gradle/caches/modules-2/files-2.1/com.android.tools.layoutlib/layoutlib-api/26.1.3/9d6eea0db944fe395fffed074b0161716d032afb/layoutlib-api-26.1.3.jar
7fa1a0e18000-7fa1a0e19000 r--s 00005000 08:05 3283630                    /home/genie/.gradle/caches/modules-2/files-2.1/com.android.tools.analytics-library/shared/26.1.3/fec103fe689f4c3c2cc3023fd7f25d4a5b5e2a2/shared-26.1.3.jar
7fa1a0e19000-7fa1a0e1b000 r--s 00004000 08:05 3283629                    /home/genie/.gradle/caches/modules-2/files-2.1/com.android.tools.analytics-library/tracker/26.1.3/485629aec0a5ee29722b798a62d7c9eeca9ce91/tracker-26.1.3.jar
7fa1a0e1b000-7fa1a0e21000 r--s 0004d000 08:05 3283628                    /home/genie/.gradle/caches/modules-2/files-2.1/com.android.tools.ddms/ddmlib/26.1.3/753d87a48d41e2ce6d6ba57962a18c5f61d368d4/ddmlib-26.1.3.jar
7fa1a0e21000-7fa1a0e22000 r--s 00003000 08:05 3283627                    /home/genie/.gradle/caches/modules-2/files-2.1/com.android.tools.build/builder-test-api/3.1.3/9248d673a7d82e6656d373884f24e22163d16b28/builder-test-api-3.1.3.jar
7fa1a0e22000-7fa1a0e24000 r--s 0000f000 08:05 3283504                    /home/genie/.gradle/caches/modules-2/files-2.1/com.google.protobuf/protobuf-java-util/3.4.0/96aba8ab71c16018c6adf66771ce15c6491bc0fe/protobuf-java-util-3.4.0.jar
7fa1a0e24000-7fa1a0e43000 r--s 0016b000 08:05 3283503                    /home/genie/.gradle/caches/modules-2/files-2.1/com.google.auto.value/auto-value/1.5.2/1b94ab7ec707e2220a0d1a7517488d1843236345/auto-value-1.5.2.jar
7fa1a0e43000-7fa1a0e45000 r--s 00002000 08:05 3283402                    /home/genie/.gradle/caches/modules-2/files-2.1/net.sf.proguard/proguard-gradle/5.3.3/ad23a0505f58d0dfc95bb1472decc397460406c9/proguard-gradle-5.3.3.jar
7fa1a0e45000-7fa1a0e47000 r--s 0000f000 08:05 3283501                    /home/genie/.gradle/caches/modules-2/files-2.1/net.sf.jopt-simple/jopt-simple/4.9/ee9e9eaa0a35360dcfeac129ff4923215fd65904/jopt-simple-4.9.jar
7fa1a0e47000-7fa1a0e49000 r--s 0000c000 08:05 3283397                    /home/genie/.gradle/caches/modules-2/files-2.1/org.ow2.asm/asm/5.1/5ef31c4fe953b1fd00b8a88fa1d6820e8785bb45/asm-5.1.jar
7fa1a0e49000-7fa1a0e4b000 r--s 00006000 08:05 3283396                    /home/genie/.gradle/caches/modules-2/files-2.1/org.ow2.asm/asm-tree/5.1/87b38c12a0ea645791ead9d3e74ae5268d1d6c34/asm-tree-5.1.jar
7fa1a0e4b000-7fa1a0e4c000 r--s 0000a000 08:05 3283395                    /home/genie/.gradle/caches/modules-2/files-2.1/org.ow2.asm/asm-util/5.1/b60e33a6bd0d71831e0c249816d01e6c1dd90a47/asm-util-5.1.jar
7fa1a0e4c000-7fa1a0e4e000 r--s 0000a000 08:05 3283394                    /home/genie/.gradle/caches/modules-2/files-2.1/org.ow2.asm/asm-commons/5.1/25d8a575034dd9cfcb375a39b5334f0ba9c8474e/asm-commons-5.1.jar
7fa1a0e4e000-7fa1a0e4f000 r--s 00004000 08:05 3283393                    /home/genie/.gradle/caches/modules-2/files-2.1/org.ow2.asm/asm-analysis/5.1/6d1bf8989fc7901f868bee3863c44f21aa63d110/asm-analysis-5.1.jar
7fa1a0e4f000-7fa1a0e50000 r--s 00000000 08:05 3283495                    /home/genie/.gradle/caches/modules-2/files-2.1/com.android.tools.build/transform-api/2.0.0-deprecated-use-gradle-api/47f6c56527c42425742fa9b56ffd3fd80763fe03/transform-api-2.0.0-deprecated-use-gradle-api.jar
7fa1a0e50000-7fa1a0e51000 r--s 00002000 08:05 3283494                    /home/genie/.gradle/caches/modules-2/files-2.1/org.jetbrains.kotlin/kotlin-stdlib-jre8/1.2.0/505f55b9619bbc5f5e26c77427dd24a6a441eef1/kotlin-stdlib-jre8-1.2.0.jar
7fa1a0e51000-7fa1a0e57000 r--s 00030000 08:05 3283626                    /home/genie/.gradle/caches/modules-2/files-2.1/com.android.tools/repository/26.1.3/26fdabe9550aa942eaf2c59179c58f55ef0236ee/repository-26.1.3.jar
7fa1a0e57000-7fa1a0e61000 r--s 0009c000 08:05 3283625                    /home/genie/.gradle/caches/modules-2/files-2.1/com.android.tools/sdklib/26.1.3/3aa82c583486506621c745b505fa32d43f09ef03/sdklib-26.1.3.jar
7fa1a0e61000-7fa1a0e73000 r--s 0010b000 08:05 3283624                    /home/genie/.gradle/caches/modules-2/files-2.1/com.android.tools/sdk-common/26.1.3/9f54dc681494c0cc10b7a992f90288f4c06019bf/sdk-common-26.1.3.jar
7fa1a0e73000-7fa1a0e76000 r--s 0002a000 08:05 3283623                    /home/genie/.gradle/caches/modules-2/files-2.1/com.android.tools.build/manifest-merger/26.1.3/ab6e289516f794bc39862cc969961c7ec9246cf2/manifest-merger-26.1.3.jar
7fa1a0e76000-7fa1a0e7c000 r--s 00040000 08:05 3283622                    /home/genie/.gradle/caches/modules-2/files-2.1/com.android.databinding/compilerCommon/3.1.3/4b0f19ce119b0b3efb65a43e8e75ef0697a08dca/compilerCommon-3.1.3.jar
7fa1a0e7c000-7fa1a0e80000 r--s 00013000 08:05 3283621                    /home/genie/.gradle/caches/modules-2/files-2.1/com.android.tools.build/gradle-api/3.1.3/9e271de6863b6fe0ffec24dbc0106f478c86f869/gradle-api-3.1.3.jar
7fa1a0e80000-7fa1a0e81000 r--s 00004000 08:05 3283620                    /home/genie/.gradle/caches/modules-2/files-2.1/com.android.tools.lint/lint-gradle-api/26.1.3/8ad178b12806cff1b96b7d471a46d56dfd775844/lint-gradle-api-26.1.3.jar
7fa1a0e81000-7fa1a1053000 r--s 01889000 08:05 3283619                    /home/genie/.gradle/caches/modules-2/files-2.1/com.android.tools.build/builder/3.1.3/564a1b75eb6a4fed551e17b8d791e495a092fcb9/builder-3.1.3.jar
7fa1a1053000-7fa1a105a000 r--s 00069000 08:05 3283648                    /home/genie/.gradle/caches/modules-2/files-2.1/com.android.tools.build/bundletool/0.1.0-alpha01/f7c303e37818223bd98566fcbea29aa0964c4d06/bundletool-0.1.0-alpha01.jar
7fa1a105a000-7fa1a1084000 r--s 0027e000 08:05 3283617                    /home/genie/.gradle/caches/modules-2/files-2.1/com.android.tools.build/gradle-core/3.1.3/29ebfa3775979d9cb51b4c428d741067040d2298/gradle-core-3.1.3.jar
7fa1a1084000-7fa1a1087000 r--s 0001a000 08:05 3283618                    /home/genie/.gradle/caches/modules-2/files-2.1/com.android.tools.build/gradle/3.1.3/1b1884e0c0083ecd83400210659252eacee151b4/gradle-3.1.3.jar
7fa1a1087000-7fa1a108a000 ---p 00000000 00:00 0 
7fa1a108a000-7fa1a1188000 rw-p 00000000 00:00 0                          [stack:6403]
7fa1a1188000-7fa1a118b000 ---p 00000000 00:00 0 
7fa1a118b000-7fa1a1489000 rw-p 00000000 00:00 0                          [stack:6402]
7fa1a1489000-7fa1a148c000 ---p 00000000 00:00 0 
7fa1a148c000-7fa1a178a000 rw-p 00000000 00:00 0                          [stack:6401]
7fa1a178a000-7fa1a198a000 rw-p 00000000 00:00 0 
7fa1a198a000-7fa1a1b8a000 rw-p 00000000 00:00 0 
7fa1a1b8a000-7fa1a1d8a000 rw-p 00000000 00:00 0 
7fa1a1d8a000-7fa1a1ecb000 r--s 02315000 08:05 1067755                    /home/genie/.gradle/caches/jars-3/b91d28616756e6d491ab3eb2a527f9ef/android.jar
7fa1a1ecb000-7fa1a1ed1000 r--s 0002b000 08:05 5785712                    /home/genie/.gradle/caches/jars-3/d49eb9780029713c9c8fdae1e164e02e/gradle-messaging-4.0.jar
7fa1a1ed1000-7fa1a1f18000 r--s 0023e000 08:05 5785710                    /home/genie/.gradle/caches/jars-3/367c9b9c4fab7054d02cacd70b53894c/gradle-core-4.0.jar
7fa1a1f18000-7fa1a1f1d000 r--s 00041000 08:05 5785708                    /home/genie/.gradle/caches/jars-3/aee7855bdca982f949ec3186b02c526c/commons-lang-2.6.jar
7fa1a1f1d000-7fa1a1f28000 r--s 00053000 08:05 5785706                    /home/genie/.gradle/caches/jars-3/c06e76c9368a06aff37befc193dcbbeb/gradle-base-services-4.0.jar
7fa1a1f28000-7fa1a1f50000 r--s 001cf000 08:05 5785704                    /home/genie/.gradle/caches/jars-3/ca08947540925f2914d21c73bec56045/guava-jdk5-17.0.jar
7fa1a1f50000-7fa1a1f5d000 r--s 00043000 08:05 5785702                    /home/genie/.gradle/caches/jars-3/77c29fea57888ca08f7c4993bfcb0df4/gradle-tooling-api-4.0.jar
7fa1a1f5d000-7fa1a215d000 rw-p 00000000 00:00 0 
7fa1a215d000-7fa1a21d6000 r--s 010fd000 08:05 5508560                    /home/genie/Downloads/android-studio/jre/lib/tools.jar
7fa1a21d6000-7fa1a21d9000 ---p 00000000 00:00 0 
7fa1a21d9000-7fa1a24d7000 rw-p 00000000 00:00 0                          [stack:6400]
7fa1a24d7000-7fa1a24da000 ---p 00000000 00:00 0 
7fa1a24da000-7fa1a25d8000 rw-p 00000000 00:00 0                          [stack:6398]
7fa1a25d8000-7fa1a25db000 ---p 00000000 00:00 0 
7fa1a25db000-7fa1a26d9000 rw-p 00000000 00:00 0                          [stack:6397]
7fa1a26d9000-7fa1a26dc000 ---p 00000000 00:00 0 
7fa1a26dc000-7fa1a27da000 rw-p 00000000 00:00 0 
7fa1a27da000-7fa1a27dd000 ---p 00000000 00:00 0 
7fa1a27dd000-7fa1a2adb000 rw-p 00000000 00:00 0                          [stack:6395]
7fa1a2adb000-7fa1a2ade000 ---p 00000000 00:00 0 
7fa1a2ade000-7fa1a2bdc000 rw-p 00000000 00:00 0                          [stack:6392]
7fa1a2bdc000-7fa1a2bdf000 ---p 00000000 00:00 0 
7fa1a2bdf000-7fa1a2cdd000 rw-p 00000000 00:00 0                          [stack:6391]
7fa1a2cdd000-7fa1a2ce0000 ---p 00000000 00:00 0 
7fa1a2ce0000-7fa1a2dde000 rw-p 00000000 00:00 0                          [stack:6390]
7fa1a2dde000-7fa1a2de1000 ---p 00000000 00:00 0 
7fa1a2de1000-7fa1a2edf000 rw-p 00000000 00:00 0                          [stack:6389]
7fa1a2edf000-7fa1a2ee2000 ---p 00000000 00:00 0 
7fa1a2ee2000-7fa1a2fe0000 rw-p 00000000 00:00 0                          [stack:6388]
7fa1a2fe0000-7fa1a2fe7000 r--s 00000000 08:05 3150426                    /usr/lib/x86_64-linux-gnu/gconv/gconv-modules.cache
7fa1a2fe7000-7fa1a2fea000 ---p 00000000 00:00 0 
7fa1a2fea000-7fa1a30e8000 rw-p 00000000 00:00 0                          [stack:6387]
7fa1a30e8000-7fa1a30ed000 r--s 0009a000 08:05 5508798                    /home/genie/Downloads/android-studio/jre/jre/lib/jsse.jar
7fa1a30ed000-7fa1a32ed000 rw-p 00000000 00:00 0 
7fa1a32ed000-7fa1a32f6000 r-xp 00000000 08:05 5508723                    /home/genie/Downloads/android-studio/jre/jre/lib/amd64/libmanagement.so
7fa1a32f6000-7fa1a34f5000 ---p 00009000 08:05 5508723                    /home/genie/Downloads/android-studio/jre/jre/lib/amd64/libmanagement.so
7fa1a34f5000-7fa1a34f6000 r--p 00008000 08:05 5508723                    /home/genie/Downloads/android-studio/jre/jre/lib/amd64/libmanagement.so
7fa1a34f6000-7fa1a34f7000 rw-p 00009000 08:05 5508723                    /home/genie/Downloads/android-studio/jre/jre/lib/amd64/libmanagement.so
7fa1a34f7000-7fa1a34f9000 r--s 00007000 08:05 5784472                    /home/genie/.gradle/wrapper/dists/gradle-4.4-all/9br9xq1tocpiv8o6njlyu5op1/gradle-4.4/lib/plugins/gradle-tooling-api-builders-4.4.jar
7fa1a34f9000-7fa1a34fd000 r--s 00014000 08:05 5784457                    /home/genie/.gradle/wrapper/dists/gradle-4.4-all/9br9xq1tocpiv8o6njlyu5op1/gradle-4.4/lib/plugins/gradle-testing-native-4.4.jar
7fa1a34fd000-7fa1a34ff000 r--s 00009000 08:05 5784566                    /home/genie/.gradle/wrapper/dists/gradle-4.4-all/9br9xq1tocpiv8o6njlyu5op1/gradle-4.4/lib/plugins/hamcrest-core-1.3.jar
7fa1a34ff000-7fa1a3504000 r--s 0005a000 08:05 5784519                    /home/genie/.gradle/wrapper/dists/gradle-4.4-all/9br9xq1tocpiv8o6njlyu5op1/gradle-4.4/lib/plugins/bsh-2.0b6.jar
7fa1a3504000-7fa1a3506000 r--s 00006000 08:05 5784561                    /home/genie/.gradle/wrapper/dists/gradle-4.4-all/9br9xq1tocpiv8o6njlyu5op1/gradle-4.4/lib/plugins/jcommander-1.12.jar
7fa1a3506000-7fa1a350c000 r--s 00033000 08:05 5784562                    /home/genie/.gradle/wrapper/dists/gradle-4.4-all/9br9xq1tocpiv8o6njlyu5op1/gradle-4.4/lib/plugins/snakeyaml-1.6.jar
7fa1a350c000-7fa1a3515000 r--s 00089000 08:05 5784517                    /home/genie/.gradle/wrapper/dists/gradle-4.4-all/9br9xq1tocpiv8o6njlyu5op1/gradle-4.4/lib/plugins/testng-6.3.1.jar
7fa1a3515000-7fa1a351d000 r--s 00045000 08:05 5784518                    /home/genie/.gradle/wrapper/dists/gradle-4.4-all/9br9xq1tocpiv8o6njlyu5op1/gradle-4.4/lib/plugins/junit-4.12.jar
7fa1a351d000-7fa1a3521000 r--s 00019000 08:05 5784478                    /home/genie/.gradle/wrapper/dists/gradle-4.4-all/9br9xq1tocpiv8o6njlyu5op1/gradle-4.4/lib/plugins/gradle-testing-jvm-4.4.jar
7fa1a3521000-7fa1a3529000 r--s 00030000 08:05 5784484                    /home/genie/.gradle/wrapper/dists/gradle-4.4-all/9br9xq1tocpiv8o6njlyu5op1/gradle-4.4/lib/plugins/gradle-testing-base-4.4.jar
7fa1a3529000-7fa1a3530000 r--s 00043000 08:05 5784512                    /home/genie/.gradle/wrapper/dists/gradle-4.4-all/9br9xq1tocpiv8o6njlyu5op1/gradle-4.4/lib/plugins/bcpg-jdk15on-1.58.jar
7fa1a3530000-7fa1a3532000 r--s 0000c000 08:05 5784455                    /home/genie/.gradle/wrapper/dists/gradle-4.4-all/9br9xq1tocpiv8o6njlyu5op1/gradle-4.4/lib/plugins/gradle-signing-4.4.jar
7fa1a3532000-7fa1a3534000 r--s 00007000 08:05 5784463                    /home/genie/.gradle/wrapper/dists/gradle-4.4-all/9br9xq1tocpiv8o6njlyu5op1/gradle-4.4/lib/plugins/gradle-scala-4.4.jar
7fa1a3534000-7fa1a3535000 r--s 00004000 08:05 5784495                    /home/genie/.gradle/wrapper/dists/gradle-4.4-all/9br9xq1tocpiv8o6njlyu5op1/gradle-4.4/lib/plugins/gradle-resources-sftp-4.4.jar
7fa1a3535000-7fa1a3543000 r--s 00087000 08:05 5784527                    /home/genie/.gradle/wrapper/dists/gradle-4.4-all/9br9xq1tocpiv8o6njlyu5op1/gradle-4.4/lib/plugins/aws-java-sdk-core-1.11.6.jar
7fa1a3543000-7fa1a354a000 r--s 00057000 08:05 5784526                    /home/genie/.gradle/wrapper/dists/gradle-4.4-all/9br9xq1tocpiv8o6njlyu5op1/gradle-4.4/lib/plugins/aws-java-sdk-kms-1.11.6.jar
7fa1a354a000-7fa1a3557000 r--s 0008e000 08:05 5784525                    /home/genie/.gradle/wrapper/dists/gradle-4.4-all/9br9xq1tocpiv8o6njlyu5op1/gradle-4.4/lib/plugins/aws-java-sdk-s3-1.11.6.jar
7fa1a3557000-7fa1a3559000 r--s 00004000 08:05 5784490                    /home/genie/.gradle/wrapper/dists/gradle-4.4-all/9br9xq1tocpiv8o6njlyu5op1/gradle-4.4/lib/plugins/gradle-resources-s3-4.4.jar
7fa1a3559000-7fa1a3569000 r--s 00088000 08:05 5784531                    /home/genie/.gradle/wrapper/dists/gradle-4.4-all/9br9xq1tocpiv8o6njlyu5op1/gradle-4.4/lib/plugins/joda-time-2.8.2.jar
7fa1a3569000-7fa1a357b000 r--s 0011e000 08:05 5784530                    /home/genie/.gradle/wrapper/dists/gradle-4.4-all/9br9xq1tocpiv8o6njlyu5op1/gradle-4.4/lib/plugins/jackson-databind-2.8.9.jar
7fa1a357b000-7fa1a357e000 r--s 0000b000 08:05 5784529                    /home/genie/.gradle/wrapper/dists/gradle-4.4-all/9br9xq1tocpiv8o6njlyu5op1/gradle-4.4/lib/plugins/jackson-annotations-2.8.9.jar
7fa1a357e000-7fa1a3582000 r--s 00042000 08:05 5784528                    /home/genie/.gradle/wrapper/dists/gradle-4.4-all/9br9xq1tocpiv8o6njlyu5op1/gradle-4.4/lib/plugins/jackson-core-2.8.9.jar
7fa1a3582000-7fa1a3583000 r--s 00001000 08:05 5784502                    /home/genie/.gradle/wrapper/dists/gradle-4.4-all/9br9xq1tocpiv8o6njlyu5op1/gradle-4.4/lib/plugins/google-http-client-jackson2-1.22.0.jar
7fa1a3583000-7fa1a358c000 r--s 0004f000 08:05 5784503                    /home/genie/.gradle/wrapper/dists/gradle-4.4-all/9br9xq1tocpiv8o6njlyu5op1/gradle-4.4/lib/plugins/google-http-client-1.22.0.jar
7fa1a358c000-7fa1a358e000 r--s 0000d000 08:05 5784501                    /home/genie/.gradle/wrapper/dists/gradle-4.4-all/9br9xq1tocpiv8o6njlyu5op1/gradle-4.4/lib/plugins/google-oauth-client-1.22.0.jar
7fa1a358e000-7fa1a3593000 r--s 0002c000 08:05 5784500                    /home/genie/.gradle/wrapper/dists/gradle-4.4-all/9br9xq1tocpiv8o6njlyu5op1/gradle-4.4/lib/plugins/google-api-client-1.22.0.jar
7fa1a3593000-7fa1a3596000 r--s 00016000 08:05 5784499                    /home/genie/.gradle/wrapper/dists/gradle-4.4-all/9br9xq1tocpiv8o6njlyu5op1/gradle-4.4/lib/plugins/google-api-services-storage-v1-rev78-1.22.0.jar
7fa1a3596000-7fa1a3598000 r--s 00003000 08:05 5784491                    /home/genie/.gradle/wrapper/dists/gradle-4.4-all/9br9xq1tocpiv8o6njlyu5op1/gradle-4.4/lib/plugins/gradle-resources-gcs-4.4.jar
7fa1a3598000-7fa1a359a000 r--s 00010000 08:05 5784485                    /home/genie/.gradle/wrapper/dists/gradle-4.4-all/9br9xq1tocpiv8o6njlyu5op1/gradle-4.4/lib/plugins/gradle-reporting-4.4.jar
7fa1a359a000-7fa1a359c000 r--s 00005000 08:05 5784486                    /home/genie/.gradle/wrapper/dists/gradle-4.4-all/9br9xq1tocpiv8o6njlyu5op1/gradle-4.4/lib/plugins/gradle-publish-4.4.jar
7fa1a359c000-7fa1a359e000 r--s 00009000 08:05 5784505                    /home/genie/.gradle/wrapper/dists/gradle-4.4-all/9br9xq1tocpiv8o6njlyu5op1/gradle-4.4/lib/plugins/commons-cli-1.2.jar
7fa1a359e000-7fa1a35a4000 r--s 00038000 08:05 5784471                    /home/genie/.gradle/wrapper/dists/gradle-4.4-all/9br9xq1tocpiv8o6njlyu5op1/gradle-4.4/lib/plugins/gradle-plugins-4.4.jar
7fa1a35a4000-7fa1a35a6000 r--s 00009000 08:05 5784459                    /home/genie/.gradle/wrapper/dists/gradle-4.4-all/9br9xq1tocpiv8o6njlyu5op1/gradle-4.4/lib/plugins/gradle-plugin-development-4.4.jar
7fa1a35a6000-7fa1a35ad000 r--s 0002e000 08:05 5784466                    /home/genie/.gradle/wrapper/dists/gradle-4.4-all/9br9xq1tocpiv8o6njlyu5op1/gradle-4.4/lib/plugins/gradle-platform-play-4.4.jar
7fa1a35ad000-7fa1a35be000 r--s 00069000 08:05 5784482                    /home/genie/.gradle/wrapper/dists/gradle-4.4-all/9br9xq1tocpiv8o6njlyu5op1/gradle-4.4/lib/plugins/gradle-platform-native-4.4.jar
7fa1a35be000-7fa1a35c2000 r--s 0001b000 08:05 5784481                    /home/genie/.gradle/wrapper/dists/gradle-4.4-all/9br9xq1tocpiv8o6njlyu5op1/gradle-4.4/lib/plugins/gradle-platform-jvm-4.4.jar
7fa1a35c2000-7fa1a35c9000 r--s 00028000 08:05 5784487                    /home/genie/.gradle/wrapper/dists/gradle-4.4-all/9br9xq1tocpiv8o6njlyu5op1/gradle-4.4/lib/plugins/gradle-platform-base-4.4.jar
7fa1a35c9000-7fa1a35f4000 r--s 00247000 08:05 5784506                    /home/genie/.gradle/wrapper/dists/gradle-4.4-all/9br9xq1tocpiv8o6njlyu5op1/gradle-4.4/lib/plugins/biz.aQute.bndlib-3.4.0.jar
7fa1a35f4000-7fa1a35f5000 r--s 00004000 08:05 5784454                    /home/genie/.gradle/wrapper/dists/gradle-4.4-all/9br9xq1tocpiv8o6njlyu5op1/gradle-4.4/lib/plugins/gradle-osgi-4.4.jar
7fa1a35f5000-7fa1a35f8000 r--s 0000c000 08:05 5784509                    /home/genie/.gradle/wrapper/dists/gradle-4.4-all/9br9xq1tocpiv8o6njlyu5op1/gradle-4.4/lib/plugins/pmaven-groovy-0.8-20100325.jar
7fa1a35f8000-7fa1a35f9000 r--s 00004000 08:05 5784508                    /home/genie/.gradle/wrapper/dists/gradle-4.4-all/9br9xq1tocpiv8o6njlyu5op1/gradle-4.4/lib/plugins/pmaven-common-0.8-20100325.jar
7fa1a35f9000-7fa1a35ff000 r--s 00025000 08:05 5784460                    /home/genie/.gradle/wrapper/dists/gradle-4.4-all/9br9xq1tocpiv8o6njlyu5op1/gradle-4.4/lib/plugins/gradle-maven-4.4.jar
7fa1a35ff000-7fa1a3602000 r--s 0000b000 08:05 5784477                    /home/genie/.gradle/wrapper/dists/gradle-4.4-all/9br9xq1tocpiv8o6njlyu5op1/gradle-4.4/lib/plugins/gradle-language-scala-4.4.jar
7fa1a3602000-7fa1a360b000 r--s 00036000 08:05 5784458                    /home/genie/.gradle/wrapper/dists/gradle-4.4-all/9br9xq1tocpiv8o6njlyu5op1/gradle-4.4/lib/plugins/gradle-language-native-4.4.jar
7fa1a360b000-7fa1a360d000 r--s 00005000 08:05 5784480                    /home/genie/.gradle/wrapper/dists/gradle-4.4-all/9br9xq1tocpiv8o6njlyu5op1/gradle-4.4/lib/plugins/gradle-language-jvm-4.4.jar
7fa1a360d000-7fa1a3614000 r--s 00030000 08:05 5784479                    /home/genie/.gradle/wrapper/dists/gradle-4.4-all/9br9xq1tocpiv8o6njlyu5op1/gradle-4.4/lib/plugins/gradle-language-java-4.4.jar
7fa1a3614000-7fa1a3617000 r--s 0000a000 08:05 5784476                    /home/genie/.gradle/wrapper/dists/gradle-4.4-all/9br9xq1tocpiv8o6njlyu5op1/gradle-4.4/lib/plugins/gradle-language-groovy-4.4.jar
7fa1a3617000-7fa1a361e000 r--s 00035000 08:05 5784515                    /home/genie/.gradle/wrapper/dists/gradle-4.4-all/9br9xq1tocpiv8o6njlyu5op1/gradle-4.4/lib/plugins/simple-4.1.21.jar
7fa1a361e000-7fa1a362a000 r--s 00100000 08:05 5784513                    /home/genie/.gradle/wrapper/dists/gradle-4.4-all/9br9xq1tocpiv8o6njlyu5op1/gradle-4.4/lib/plugins/rhino-1.7R3.jar
7fa1a362a000-7fa1a362e000 r--s 00011000 08:05 5784467                    /home/genie/.gradle/wrapper/dists/gradle-4.4-all/9br9xq1tocpiv8o6njlyu5op1/gradle-4.4/lib/plugins/gradle-javascript-4.4.jar
7fa1a362e000-7fa1a3631000 r--s 00011000 08:05 5784469                    /home/genie/.gradle/wrapper/dists/gradle-4.4-all/9br9xq1tocpiv8o6njlyu5op1/gradle-4.4/lib/plugins/gradle-jacoco-4.4.jar
7fa1a3631000-7fa1a3635000 r--s 0000e000 08:05 5784468                    /home/genie/.gradle/wrapper/dists/gradle-4.4-all/9br9xq1tocpiv8o6njlyu5op1/gradle-4.4/lib/plugins/gradle-ivy-4.4.jar
7fa1a3635000-7fa1a3636000 r--s 00002000 08:05 5784461                    /home/genie/.gradle/wrapper/dists/gradle-4.4-all/9br9xq1tocpiv8o6njlyu5op1/gradle-4.4/lib/plugins/gradle-ide-play-4.4.jar
7fa1a3636000-7fa1a3637000 r--s 00011000 08:05 5784516                    /home/genie/.gradle/wrapper/dists/gradle-4.4-all/9br9xq1tocpiv8o6njlyu5op1/gradle-4.4/lib/plugins/dd-plist-1.20.jar
7fa1a3637000-7fa1a363d000 r--s 00027000 08:05 5784456                    /home/genie/.gradle/wrapper/dists/gradle-4.4-all/9br9xq1tocpiv8o6njlyu5op1/gradle-4.4/lib/plugins/gradle-ide-native-4.4.jar
7fa1a363d000-7fa1a3647000 r--s 00056000 08:05 5784462                    /home/genie/.gradle/wrapper/dists/gradle-4.4-all/9br9xq1tocpiv8o6njlyu5op1/gradle-4.4/lib/plugins/gradle-ide-4.4.jar
7fa1a3647000-7fa1a3649000 r--s 00007000 08:05 5784465                    /home/genie/.gradle/wrapper/dists/gradle-4.4-all/9br9xq1tocpiv8o6njlyu5op1/gradle-4.4/lib/plugins/gradle-ear-4.4.jar
7fa1a3649000-7fa1a364b000 r--s 00005000 08:05 5784498                    /home/genie/.gradle/wrapper/dists/gradle-4.4-all/9br9xq1tocpiv8o6njlyu5op1/gradle-4.4/lib/plugins/jatl-0.2.2.jar
7fa1a364b000-7fa1a3651000 r--s 00039000 08:05 5784483                    /home/genie/.gradle/wrapper/dists/gradle-4.4-all/9br9xq1tocpiv8o6njlyu5op1/gradle-4.4/lib/plugins/gradle-diagnostics-4.4.jar
7fa1a3651000-7fa1a3653000 r--s 0000b000 08:05 5784474                    /home/genie/.gradle/wrapper/dists/gradle-4.4-all/9br9xq1tocpiv8o6njlyu5op1/gradle-4.4/lib/plugins/gradle-composite-builds-4.4.jar
7fa1a3653000-7fa1a3658000 r--s 00026000 08:05 5784452                    /home/genie/.gradle/wrapper/dists/gradle-4.4-all/9br9xq1tocpiv8o6njlyu5op1/gradle-4.4/lib/plugins/gradle-code-quality-4.4.jar
7fa1a3658000-7fa1a365d000 r--s 00022000 08:05 5784470                    /home/genie/.gradle/wrapper/dists/gradle-4.4-all/9br9xq1tocpiv8o6njlyu5op1/gradle-4.4/lib/plugins/gradle-build-init-4.4.jar
7fa1a365d000-7fa1a3664000 r--s 0005d000 08:05 5784464                    /home/genie/.gradle/wrapper/dists/gradle-4.4-all/9br9xq1tocpiv8o6njlyu5op1/gradle-4.4/lib/plugins/gradle-build-comparison-4.4.jar
7fa1a3664000-7fa1a3666000 r--s 00008000 08:05 5784453                    /home/genie/.gradle/wrapper/dists/gradle-4.4-all/9br9xq1tocpiv8o6njlyu5op1/gradle-4.4/lib/plugins/gradle-antlr-4.4.jar
7fa1a3666000-7fa1a3668000 r--s 00004000 08:05 5784475                    /home/genie/.gradle/wrapper/dists/gradle-4.4-all/9br9xq1tocpiv8o6njlyu5op1/gradle-4.4/lib/plugins/gradle-announce-4.4.jar
7fa1a3668000-7fa1a366a000 r--s 00009000 08:05 5784373                    /home/genie/.gradle/wrapper/dists/gradle-4.4-all/9br9xq1tocpiv8o6njlyu5op1/gradle-4.4/lib/gradle-kotlin-dsl-tooling-builders-0.13.1.jar
7fa1a366a000-7fa1a366d000 r--s 0000b000 08:05 5784489                    /home/genie/.gradle/wrapper/dists/gradle-4.4-all/9br9xq1tocpiv8o6njlyu5op1/gradle-4.4/lib/plugins/gradle-plugin-use-4.4.jar
7fa1a366d000-7fa1a3670000 r--s 0001c000 08:05 5784521                    /home/genie/.gradle/wrapper/dists/gradle-4.4-all/9br9xq1tocpiv8o6njlyu5op1/gradle-4.4/lib/plugins/nekohtml-1.9.14.jar
7fa1a3670000-7fa1a3689000 r--s 00135000 08:05 5784522                    /home/genie/.gradle/wrapper/dists/gradle-4.4-all/9br9xq1tocpiv8o6njlyu5op1/gradle-4.4/lib/plugins/xercesImpl-2.11.0.jar
7fa1a3689000-7fa1a368c000 r--s 0000c000 08:05 5784494                    /home/genie/.gradle/wrapper/dists/gradle-4.4-all/9br9xq1tocpiv8o6njlyu5op1/gradle-4.4/lib/plugins/gradle-resources-http-4.4.jar
7fa1a368c000-7fa1a3693000 r--s 00049000 08:05 5784563                    /home/genie/.gradle/wrapper/dists/gradle-4.4-all/9br9xq1tocpiv8o6njlyu5op1/gradle-4.4/lib/plugins/httpcore-4.4.4.jar
7fa1a3693000-7fa1a3699000 r--s 00033000 08:05 5784511                    /home/genie/.gradle/wrapper/dists/gradle-4.4-all/9br9xq1tocpiv8o6njlyu5op1/gradle-4.4/lib/plugins/commons-codec-1.6.jar
7fa1a3699000-7fa1a369f000 r--s 0005b000 08:05 5784520                    /home/genie/.gradle/wrapper/dists/gradle-4.4-all/9br9xq1tocpiv8o6njlyu5op1/gradle-4.4/lib/plugins/jcifs-1.3.17.jar
7fa1a369f000-7fa1a36ac000 r--s 000a4000 08:05 5784504                    /home/genie/.gradle/wrapper/dists/gradle-4.4-all/9br9xq1tocpiv8o6njlyu5op1/gradle-4.4/lib/plugins/httpclient-4.4.1.jar
7fa1a36ac000-7fa1a36cf000 r--s 00223000 08:05 5784564                    /home/genie/.gradle/wrapper/dists/gradle-4.4-all/9br9xq1tocpiv8o6njlyu5op1/gradle-4.4/lib/plugins/org.eclipse.jgit-4.5.3.201708160445-r.jar
7fa1a36cf000-7fa1a36e5000 r-xp 00000000 08:05 3936134                    /lib/x86_64-linux-gnu/libgcc_s.so.1
7fa1a36e5000-7fa1a38e4000 ---p 00016000 08:05 3936134                    /lib/x86_64-linux-gnu/libgcc_s.so.1
7fa1a38e4000-7fa1a38e5000 rw-p 00015000 08:05 3936134                    /lib/x86_64-linux-gnu/libgcc_s.so.1
7fa1a38e5000-7fa1a39cb000 r-xp 00000000 08:05 2884405                    /usr/lib/x86_64-linux-gnu/libstdc++.so.6.0.19
7fa1a39cb000-7fa1a3bca000 ---p 000e6000 08:05 2884405                    /usr/lib/x86_64-linux-gnu/libstdc++.so.6.0.19
7fa1a3bca000-7fa1a3bd2000 r--p 000e5000 08:05 2884405                    /usr/lib/x86_64-linux-gnu/libstdc++.so.6.0.19
7fa1a3bd2000-7fa1a3bd4000 rw-p 000ed000 08:05 2884405                    /usr/lib/x86_64-linux-gnu/libstdc++.so.6.0.19
7fa1a3bd4000-7fa1a3be9000 rw-p 00000000 00:00 0 
7fa1a3be9000-7fa1a3bee000 r-xp 00000000 08:05 5785677                    /home/genie/.gradle/native/25/linux-amd64/libnative-platform.so
7fa1a3bee000-7fa1a3ded000 ---p 00005000 08:05 5785677                    /home/genie/.gradle/native/25/linux-amd64/libnative-platform.so
7fa1a3ded000-7fa1a3dee000 rw-p 00004000 08:05 5785677                    /home/genie/.gradle/native/25/linux-amd64/libnative-platform.so
7fa1a3dee000-7fa1a3dff000 r-xp 00000000 08:05 5508755                    /home/genie/Downloads/android-studio/jre/jre/lib/amd64/libnio.so
7fa1a3dff000-7fa1a3ffe000 ---p 00011000 08:05 5508755                    /home/genie/Downloads/android-studio/jre/jre/lib/amd64/libnio.so
7fa1a3ffe000-7fa1a3fff000 r--p 00010000 08:05 5508755                    /home/genie/Downloads/android-studio/jre/jre/lib/amd64/libnio.so
7fa1a3fff000-7fa1a4000000 rw-p 00011000 08:05 5508755                    /home/genie/Downloads/android-studio/jre/jre/lib/amd64/libnio.so
7fa1a4000000-7fa1a4284000 rw-p 00000000 00:00 0 
7fa1a4284000-7fa1a8000000 ---p 00000000 00:00 0 
7fa1a8000000-7fa1a8021000 rw-p 00000000 00:00 0 
7fa1a8021000-7fa1ac000000 ---p 00000000 00:00 0 
7fa1ac000000-7fa1ada3d000 rw-p 00000000 00:00 0 
7fa1ada3d000-7fa1b0000000 ---p 00000000 00:00 0 
7fa1b0000000-7fa1b0843000 rw-p 00000000 00:00 0 
7fa1b0843000-7fa1b4000000 ---p 00000000 00:00 0 
7fa1b4000000-7fa1b4021000 rw-p 00000000 00:00 0 
7fa1b4021000-7fa1b8000000 ---p 00000000 00:00 0 
7fa1b8000000-7fa1b8021000 rw-p 00000000 00:00 0 
7fa1b8021000-7fa1bc000000 ---p 00000000 00:00 0 
7fa1bc000000-7fa1bc021000 rw-p 00000000 00:00 0 
7fa1bc021000-7fa1c0000000 ---p 00000000 00:00 0 
7fa1c0000000-7fa1c0001000 r--s 00002000 08:05 5784492                    /home/genie/.gradle/wrapper/dists/gradle-4.4-all/9br9xq1tocpiv8o6njlyu5op1/gradle-4.4/lib/plugins/gradle-build-cache-http-4.4.jar
7fa1c0001000-7fa1c0002000 r--s 00000000 08:05 5784382                    /home/genie/.gradle/wrapper/dists/gradle-4.4-all/9br9xq1tocpiv8o6njlyu5op1/gradle-4.4/lib/gradle-runtime-api-info-4.4.jar
7fa1c0002000-7fa1c0003000 r--s 00005000 08:05 5784497                    /home/genie/.gradle/wrapper/dists/gradle-4.4-all/9br9xq1tocpiv8o6njlyu5op1/gradle-4.4/lib/plugins/gradle-version-control-4.4.jar
7fa1c0003000-7fa1c0004000 r--s 00000000 08:05 5784385                    /home/genie/.gradle/wrapper/dists/gradle-4.4-all/9br9xq1tocpiv8o6njlyu5op1/gradle-4.4/lib/gradle-installation-beacon-4.4.jar
7fa1c0004000-7fa1c0057000 r--s 00373000 08:05 5784533                    /home/genie/.gradle/wrapper/dists/gradle-4.4-all/9br9xq1tocpiv8o6njlyu5op1/gradle-4.4/lib/plugins/bcprov-jdk15on-1.58.jar
7fa1c0057000-7fa1c005b000 r--s 0001d000 08:05 5784532                    /home/genie/.gradle/wrapper/dists/gradle-4.4-all/9br9xq1tocpiv8o6njlyu5op1/gradle-4.4/lib/plugins/xbean-reflect-3.4.jar
7fa1c005b000-7fa1c005d000 r--s 0000a000 08:05 5784534                    /home/genie/.gradle/wrapper/dists/gradle-4.4-all/9br9xq1tocpiv8o6njlyu5op1/gradle-4.4/lib/plugins/maven-settings-3.0.4.jar
7fa1c005d000-7fa1c0060000 r--s 00008000 08:05 5784535                    /home/genie/.gradle/wrapper/dists/gradle-4.4-all/9br9xq1tocpiv8o6njlyu5op1/gradle-4.4/lib/plugins/maven-settings-builder-3.0.4.jar
7fa1c0060000-7fa1c0063000 r--s 00034000 08:05 5784536                    /home/genie/.gradle/wrapper/dists/gradle-4.4-all/9br9xq1tocpiv8o6njlyu5op1/gradle-4.4/lib/plugins/plexus-utils-2.1.jar
7fa1c0063000-7fa1c0065000 r--s 0000d000 08:05 5784538                    /home/genie/.gradle/wrapper/dists/gradle-4.4-all/9br9xq1tocpiv8o6njlyu5op1/gradle-4.4/lib/plugins/plexus-interpolation-1.14.jar
7fa1c0065000-7fa1c0067000 r--s 00000000 08:05 5784510                    /home/genie/.gradle/wrapper/dists/gradle-4.4-all/9br9xq1tocpiv8o6njlyu5op1/gradle-4.4/lib/plugins/plexus-component-annotations-1.5.5.jar
7fa1c0067000-7fa1c006e000 r--s 0002e000 08:05 5784539                    /home/genie/.gradle/wrapper/dists/gradle-4.4-all/9br9xq1tocpiv8o6njlyu5op1/gradle-4.4/lib/plugins/plexus-container-default-1.5.5.jar
7fa1c006e000-7fa1c0070000 r--s 0000a000 08:05 5784540                    /home/genie/.gradle/wrapper/dists/gradle-4.4-all/9br9xq1tocpiv8o6njlyu5op1/gradle-4.4/lib/plugins/plexus-classworlds-2.4.jar
7fa1c0070000-7fa1c0072000 r--s 00002000 08:05 5784541                    /home/genie/.gradle/wrapper/dists/gradle-4.4-all/9br9xq1tocpiv8o6njlyu5op1/gradle-4.4/lib/plugins/plexus-cipher-1.7.jar
7fa1c0072000-7fa1c0073000 r--s 00006000 08:05 5784542                    /home/genie/.gradle/wrapper/dists/gradle-4.4-all/9br9xq1tocpiv8o6njlyu5op1/gradle-4.4/lib/plugins/plexus-sec-dispatcher-1.3.jar
7fa1c0073000-7fa1c0079000 r--s 0003f000 08:05 5784543                    /home/genie/.gradle/wrapper/dists/gradle-4.4-all/9br9xq1tocpiv8o6njlyu5op1/gradle-4.4/lib/plugins/maven-compat-3.0.4.jar
7fa1c0079000-7fa1c007d000 r--s 00021000 08:05 5784544                    /home/genie/.gradle/wrapper/dists/gradle-4.4-all/9br9xq1tocpiv8o6njlyu5op1/gradle-4.4/lib/plugins/maven-model-builder-3.0.4.jar
7fa1c007d000-7fa1c007f000 r--s 00026000 08:05 5784545                    /home/genie/.gradle/wrapper/dists/gradle-4.4-all/9br9xq1tocpiv8o6njlyu5op1/gradle-4.4/lib/plugins/maven-model-3.0.4.jar
7fa1c007f000-7fa1c0081000 r--s 0000b000 08:05 5784546                    /home/genie/.gradle/wrapper/dists/gradle-4.4-all/9br9xq1tocpiv8o6njlyu5op1/gradle-4.4/lib/plugins/maven-artifact-3.0.4.jar
7fa1c0081000-7fa1c0083000 r--s 00006000 08:05 5784547                    /home/genie/.gradle/wrapper/dists/gradle-4.4-all/9br9xq1tocpiv8o6njlyu5op1/gradle-4.4/lib/plugins/maven-repository-metadata-3.0.4.jar
7fa1c0083000-7fa1c0085000 r--s 0000b000 08:05 5784549                    /home/genie/.gradle/wrapper/dists/gradle-4.4-all/9br9xq1tocpiv8o6njlyu5op1/gradle-4.4/lib/plugins/maven-plugin-api-3.0.4.jar
7fa1c0085000-7fa1c0087000 r--s 0000c000 08:05 5784550                    /home/genie/.gradle/wrapper/dists/gradle-4.4-all/9br9xq1tocpiv8o6njlyu5op1/gradle-4.4/lib/plugins/maven-aether-provider-3.0.4.jar
7fa1c0087000-7fa1c0088000 r--s 00002000 08:05 5784551                    /home/genie/.gradle/wrapper/dists/gradle-4.4-all/9br9xq1tocpiv8o6njlyu5op1/gradle-4.4/lib/plugins/wagon-file-2.4.jar
7fa1c0088000-7fa1c0089000 r--s 00002000 08:05 5784552                    /home/genie/.gradle/wrapper/dists/gradle-4.4-all/9br9xq1tocpiv8o6njlyu5op1/gradle-4.4/lib/plugins/wagon-http-2.4.jar
7fa1c0089000-7fa1c008b000 r--s 0000b000 08:05 5784553                    /home/genie/.gradle/wrapper/dists/gradle-4.4-all/9br9xq1tocpiv8o6njlyu5op1/gradle-4.4/lib/plugins/wagon-provider-api-2.4.jar
7fa1c008b000-7fa1c008c000 r--s 00007000 08:05 5784554                    /home/genie/.gradle/wrapper/dists/gradle-4.4-all/9br9xq1tocpiv8o6njlyu5op1/gradle-4.4/lib/plugins/wagon-http-shared4-2.4.jar
7fa1c008c000-7fa1c008f000 r--s 00013000 08:05 5784555                    /home/genie/.gradle/wrapper/dists/gradle-4.4-all/9br9xq1tocpiv8o6njlyu5op1/gradle-4.4/lib/plugins/aether-api-1.13.1.jar
7fa1c008f000-7fa1c0092000 r--s 0001d000 08:05 5784556                    /home/genie/.gradle/wrapper/dists/gradle-4.4-all/9br9xq1tocpiv8o6njlyu5op1/gradle-4.4/lib/plugins/aether-impl-1.13.1.jar
7fa1c0092000-7fa1c0093000 r--s 00003000 08:05 5784558                    /home/genie/.gradle/wrapper/dists/gradle-4.4-all/9br9xq1tocpiv8o6njlyu5op1/gradle-4.4/lib/plugins/aether-spi-1.13.1.jar
7fa1c0093000-7fa1c0097000 r--s 0001c000 08:05 5784559                    /home/genie/.gradle/wrapper/dists/gradle-4.4-all/9br9xq1tocpiv8o6njlyu5op1/gradle-4.4/lib/plugins/aether-util-1.13.1.jar
7fa1c0097000-7fa1c0099000 r--s 00006000 08:05 5784560                    /home/genie/.gradle/wrapper/dists/gradle-4.4-all/9br9xq1tocpiv8o6njlyu5op1/gradle-4.4/lib/plugins/aether-connector-wagon-1.13.1.jar
7fa1c0099000-7fa1c00a5000 r--s 0007d000 08:05 5784507                    /home/genie/.gradle/wrapper/dists/gradle-4.4-all/9br9xq1tocpiv8o6njlyu5op1/gradle-4.4/lib/plugins/maven-core-3.0.4.jar
7fa1c00a5000-7fa1c00aa000 r--s 00034000 08:05 5784514                    /home/genie/.gradle/wrapper/dists/gradle-4.4-all/9br9xq1tocpiv8o6njlyu5op1/gradle-4.4/lib/plugins/gson-2.7.jar
7fa1c00aa000-7fa1c00af000 r--s 00040000 08:05 5784524                    /home/genie/.gradle/wrapper/dists/gradle-4.4-all/9br9xq1tocpiv8o6njlyu5op1/gradle-4.4/lib/plugins/jsch-0.1.54.jar
7fa1c00af000-7fa1c00be000 r--s 000d9000 08:05 5784523                    /home/genie/.gradle/wrapper/dists/gradle-4.4-all/9br9xq1tocpiv8o6njlyu5op1/gradle-4.4/lib/plugins/ivy-2.2.0.jar
7fa1c00be000-7fa1c00e4000 r--s 00133000 08:05 5784493                    /home/genie/.gradle/wrapper/dists/gradle-4.4-all/9br9xq1tocpiv8o6njlyu5op1/gradle-4.4/lib/plugins/gradle-dependency-management-4.4.jar
7fa1c00e4000-7fa1c00e7000 r--s 0000d000 08:05 5784496                    /home/genie/.gradle/wrapper/dists/gradle-4.4-all/9br9xq1tocpiv8o6njlyu5op1/gradle-4.4/lib/plugins/gradle-workers-4.4.jar
7fa1c00e7000-7fa1c00fd000 r-xp 00000000 08:05 5508726                    /home/genie/Downloads/android-studio/jre/jre/lib/amd64/libnet.so
7fa1c00fd000-7fa1c02fd000 ---p 00016000 08:05 5508726                    /home/genie/Downloads/android-studio/jre/jre/lib/amd64/libnet.so
7fa1c02fd000-7fa1c02fe000 r--p 00016000 08:05 5508726                    /home/genie/Downloads/android-studio/jre/jre/lib/amd64/libnet.so
7fa1c02fe000-7fa1c02ff000 rw-p 00017000 08:05 5508726                    /home/genie/Downloads/android-studio/jre/jre/lib/amd64/libnet.so
7fa1c02ff000-7fa1c0300000 r--s 00006000 08:05 5784384                    /home/genie/.gradle/wrapper/dists/gradle-4.4-all/9br9xq1tocpiv8o6njlyu5op1/gradle-4.4/lib/gradle-wrapper-4.4.jar
7fa1c0300000-7fa1c030e000 r--s 00046000 08:05 5784383                    /home/genie/.gradle/wrapper/dists/gradle-4.4-all/9br9xq1tocpiv8o6njlyu5op1/gradle-4.4/lib/gradle-tooling-api-4.4.jar
7fa1c030e000-7fa1c030f000 r--s 00002000 08:05 5784380                    /home/genie/.gradle/wrapper/dists/gradle-4.4-all/9br9xq1tocpiv8o6njlyu5op1/gradle-4.4/lib/kotlin-stdlib-jre8-1.1.51.jar
7fa1c030f000-7fa1c0310000 r--s 00000000 08:05 5784379                    /home/genie/.gradle/wrapper/dists/gradle-4.4-all/9br9xq1tocpiv8o6njlyu5op1/gradle-4.4/lib/kotlin-stdlib-jre7-1.1.51.jar
7fa1c0310000-7fa1c031f000 r--s 000c9000 08:05 5784378                    /home/genie/.gradle/wrapper/dists/gradle-4.4-all/9br9xq1tocpiv8o6njlyu5op1/gradle-4.4/lib/kotlin-stdlib-1.1.51.jar
7fa1c031f000-7fa1c0321000 r--s 00002000 08:05 5784377                    /home/genie/.gradle/wrapper/dists/gradle-4.4-all/9br9xq1tocpiv8o6njlyu5op1/gradle-4.4/lib/kotlin-sam-with-receiver-compiler-plugin-1.1.51.jar
7fa1c0321000-7fa1c0354000 r--s 0022b000 08:05 5784376                    /home/genie/.gradle/wrapper/dists/gradle-4.4-all/9br9xq1tocpiv8o6njlyu5op1/gradle-4.4/lib/kotlin-reflect-1.1.51.jar
7fa1c0354000-7fa1c0536000 r--s 01a42000 08:05 5784375                    /home/genie/.gradle/wrapper/dists/gradle-4.4-all/9br9xq1tocpiv8o6njlyu5op1/gradle-4.4/lib/kotlin-compiler-embeddable-1.1.51.jar
7fa1c0536000-7fa1c0537000 r--s 00000000 08:05 5784374                    /home/genie/.gradle/wrapper/dists/gradle-4.4-all/9br9xq1tocpiv8o6njlyu5op1/gradle-4.4/lib/gradle-kotlin-dsl-tooling-models-0.13.1.jar
7fa1c0537000-7fa1c0539000 r--s 00003000 08:05 5784371                    /home/genie/.gradle/wrapper/dists/gradle-4.4-all/9br9xq1tocpiv8o6njlyu5op1/gradle-4.4/lib/annotations-13.0.jar
7fa1c0539000-7fa1c0544000 r--s 00082000 08:05 5784372                    /home/genie/.gradle/wrapper/dists/gradle-4.4-all/9br9xq1tocpiv8o6njlyu5op1/gradle-4.4/lib/gradle-kotlin-dsl-0.13.1.jar
7fa1c0544000-7fa1c0548000 r--s 00012000 08:05 5784389                    /home/genie/.gradle/wrapper/dists/gradle-4.4-all/9br9xq1tocpiv8o6njlyu5op1/gradle-4.4/lib/gradle-build-cache-4.4.jar
7fa1c0548000-7fa1c054e000 r--s 0002e000 08:05 5784393                    /home/genie/.gradle/wrapper/dists/gradle-4.4-all/9br9xq1tocpiv8o6njlyu5op1/gradle-4.4/lib/gradle-persistent-cache-4.4.jar
7fa1c054e000-7fa1c0552000 r--s 00014000 08:05 5784392                    /home/genie/.gradle/wrapper/dists/gradle-4.4-all/9br9xq1tocpiv8o6njlyu5op1/gradle-4.4/lib/gradle-resources-4.4.jar
7fa1c0552000-7fa1c0553000 r--s 00003000 08:05 5784400                    /home/genie/.gradle/wrapper/dists/gradle-4.4-all/9br9xq1tocpiv8o6njlyu5op1/gradle-4.4/lib/gradle-build-option-4.4.jar
7fa1c0553000-7fa1c0555000 r--s 00005000 08:05 5784403                    /home/genie/.gradle/wrapper/dists/gradle-4.4-all/9br9xq1tocpiv8o6njlyu5op1/gradle-4.4/lib/gradle-cli-4.4.jar
7fa1c0555000-7fa1c0557000 r--s 00003000 08:05 5784410                    /home/genie/.gradle/wrapper/dists/gradle-4.4-all/9br9xq1tocpiv8o6njlyu5op1/gradle-4.4/lib/jcl-over-slf4j-1.7.10.jar
7fa1c0557000-7fa1c0559000 r--s 00000000 08:05 5784408                    /home/genie/.gradle/wrapper/dists/gradle-4.4-all/9br9xq1tocpiv8o6njlyu5op1/gradle-4.4/lib/jul-to-slf4j-1.7.10.jar
7fa1c0559000-7fa1c0560000 r--s 0002f000 08:05 5784390                    /home/genie/.gradle/wrapper/dists/gradle-4.4-all/9br9xq1tocpiv8o6njlyu5op1/gradle-4.4/lib/gradle-logging-4.4.jar
7fa1c0560000-7fa1c0570000 r--s 00082000 08:05 5784396                    /home/genie/.gradle/wrapper/dists/gradle-4.4-all/9br9xq1tocpiv8o6njlyu5op1/gradle-4.4/lib/gradle-model-core-4.4.jar
7fa1c0570000-7fa1c0579000 r--s 0002d000 08:05 5784426                    /home/genie/.gradle/wrapper/dists/gradle-4.4-all/9br9xq1tocpiv8o6njlyu5op1/gradle-4.4/lib/xml-apis-1.4.01.jar
7fa1c0579000-7fa1c0583000 r--s 00078000 08:05 5784425                    /home/genie/.gradle/wrapper/dists/gradle-4.4-all/9br9xq1tocpiv8o6njlyu5op1/gradle-4.4/lib/commons-compress-1.14.jar
7fa1c0583000-7fa1c05f3000 r--s 00646000 08:05 5784416                    /home/genie/.gradle/wrapper/dists/gradle-4.4-all/9br9xq1tocpiv8o6njlyu5op1/gradle-4.4/lib/groovy-all-2.4.12.jar
7fa1c05f3000-7fa1c061b000 r--s 001cf000 08:05 5784412                    /home/genie/.gradle/wrapper/dists/gradle-4.4-all/9br9xq1tocpiv8o6njlyu5op1/gradle-4.4/lib/guava-jdk5-17.0.jar
7fa1c061b000-7fa1c061c000 ---p 00000000 00:00 0 
7fa1c061c000-7fa1c071c000 rw-p 00000000 00:00 0                          [stack:6386]
7fa1c071c000-7fa1c071f000 ---p 00000000 00:00 0 
7fa1c071f000-7fa1c081d000 rw-p 00000000 00:00 0                          [stack:6385]
7fa1c081d000-7fa1c0820000 ---p 00000000 00:00 0 
7fa1c0820000-7fa1c091e000 rw-p 00000000 00:00 0                          [stack:6384]
7fa1c091e000-7fa1c1000000 r--p 00000000 08:05 2890764                    /usr/lib/locale/locale-archive
7fa1c1000000-7fa1c4000000 rw-p 00000000 00:00 0 
7fa1c4000000-7fa1c4073000 rw-p 00000000 00:00 0 
7fa1c4073000-7fa1c8000000 ---p 00000000 00:00 0 
7fa1c8000000-7fa1c828a000 rw-p 00000000 00:00 0 
7fa1c828a000-7fa1cc000000 ---p 00000000 00:00 0 
7fa1cc000000-7fa1cc057000 rw-p 00000000 00:00 0 
7fa1cc057000-7fa1d0000000 ---p 00000000 00:00 0 
7fa1d0000000-7fa1d0001000 r--s 00005000 08:05 5784409                    /home/genie/.gradle/wrapper/dists/gradle-4.4-all/9br9xq1tocpiv8o6njlyu5op1/gradle-4.4/lib/log4j-over-slf4j-1.7.10.jar
7fa1d0001000-7fa1d0003000 r--s 00006000 08:05 5784397                    /home/genie/.gradle/wrapper/dists/gradle-4.4-all/9br9xq1tocpiv8o6njlyu5op1/gradle-4.4/lib/gradle-base-services-groovy-4.4.jar
7fa1d0003000-7fa1d0005000 r--s 00007000 08:05 5784395                    /home/genie/.gradle/wrapper/dists/gradle-4.4-all/9br9xq1tocpiv8o6njlyu5op1/gradle-4.4/lib/gradle-model-groovy-4.4.jar
7fa1d0005000-7fa1d0006000 r--s 00002000 08:05 5784427                    /home/genie/.gradle/wrapper/dists/gradle-4.4-all/9br9xq1tocpiv8o6njlyu5op1/gradle-4.4/lib/gradle-docs-4.4.jar
7fa1d0006000-7fa1d0013000 r--s 00083000 08:05 5784422                    /home/genie/.gradle/wrapper/dists/gradle-4.4-all/9br9xq1tocpiv8o6njlyu5op1/gradle-4.4/lib/commons-collections-3.2.2.jar
7fa1d0013000-7fa1d0014000 r--s 00000000 08:05 5784421                    /home/genie/.gradle/wrapper/dists/gradle-4.4-all/9br9xq1tocpiv8o6njlyu5op1/gradle-4.4/lib/javax.inject-1.jar
7fa1d0014000-7fa1d0017000 r--s 00023000 08:05 5784431                    /home/genie/.gradle/wrapper/dists/gradle-4.4-all/9br9xq1tocpiv8o6njlyu5op1/gradle-4.4/lib/jansi-1.14.jar
7fa1d0017000-7fa1d0018000 r--s 00004000 08:05 5784433                    /home/genie/.gradle/wrapper/dists/gradle-4.4-all/9br9xq1tocpiv8o6njlyu5op1/gradle-4.4/lib/native-platform-freebsd-amd64-libcpp-0.14.jar
7fa1d0018000-7fa1d0019000 r--s 00004000 08:05 5784434                    /home/genie/.gradle/wrapper/dists/gradle-4.4-all/9br9xq1tocpiv8o6njlyu5op1/gradle-4.4/lib/native-platform-freebsd-amd64-libstdcpp-0.14.jar
7fa1d0019000-7fa1d001a000 r--s 00004000 08:05 5784435                    /home/genie/.gradle/wrapper/dists/gradle-4.4-all/9br9xq1tocpiv8o6njlyu5op1/gradle-4.4/lib/native-platform-freebsd-i386-libcpp-0.14.jar
7fa1d001a000-7fa1d001b000 r--s 00003000 08:05 5784436                    /home/genie/.gradle/wrapper/dists/gradle-4.4-all/9br9xq1tocpiv8o6njlyu5op1/gradle-4.4/lib/native-platform-freebsd-i386-libstdcpp-0.14.jar
7fa1d001b000-7fa1d001c000 r--s 00002000 08:05 5784438                    /home/genie/.gradle/wrapper/dists/gradle-4.4-all/9br9xq1tocpiv8o6njlyu5op1/gradle-4.4/lib/native-platform-linux-amd64-0.14.jar
7fa1d001c000-7fa1d001d000 r--s 00002000 08:05 5784439                    /home/genie/.gradle/wrapper/dists/gradle-4.4-all/9br9xq1tocpiv8o6njlyu5op1/gradle-4.4/lib/native-platform-linux-i386-0.14.jar
7fa1d001d000-7fa1d001f000 r--s 00002000 08:05 5784440                    /home/genie/.gradle/wrapper/dists/gradle-4.4-all/9br9xq1tocpiv8o6njlyu5op1/gradle-4.4/lib/native-platform-osx-amd64-0.14.jar
7fa1d001f000-7fa1d0020000 r--s 00003000 08:05 5784441                    /home/genie/.gradle/wrapper/dists/gradle-4.4-all/9br9xq1tocpiv8o6njlyu5op1/gradle-4.4/lib/native-platform-osx-i386-0.14.jar
7fa1d0020000-7fa1d0022000 r--s 0000b000 08:05 5784442                    /home/genie/.gradle/wrapper/dists/gradle-4.4-all/9br9xq1tocpiv8o6njlyu5op1/gradle-4.4/lib/native-platform-windows-amd64-0.14.jar
7fa1d0022000-7fa1d0025000 ---p 00000000 00:00 0 
7fa1d0025000-7fa1d0123000 rw-p 00000000 00:00 0                          [stack:6383]
7fa1d0123000-7fa1d0126000 ---p 00000000 00:00 0 
7fa1d0126000-7fa1d0224000 rw-p 00000000 00:00 0                          [stack:6382]
7fa1d0224000-7fa1d0227000 ---p 00000000 00:00 0 
7fa1d0227000-7fa1d0325000 rw-p 00000000 00:00 0                          [stack:6381]
7fa1d0325000-7fa1d0328000 ---p 00000000 00:00 0 
7fa1d0328000-7fa1d0426000 rw-p 00000000 00:00 0                          [stack:6380]
7fa1d0426000-7fa1d0427000 ---p 00000000 00:00 0 
7fa1d0427000-7fa1d0e30000 rw-p 00000000 00:00 0                          [stack:6379]
7fa1d0e30000-7fa1d1000000 r--s 03c46000 08:05 5508774                    /home/genie/Downloads/android-studio/jre/jre/lib/rt.jar
7fa1d1000000-7fa1d2130000 rwxp 00000000 00:00 0 
7fa1d2130000-7fa1e0000000 ---p 00000000 00:00 0 
7fa1e0000000-7fa1e0ddc000 rw-p 00000000 00:00 0 
7fa1e0ddc000-7fa1e4000000 ---p 00000000 00:00 0 
7fa1e4000000-7fa1e4001000 r--s 0000b000 08:05 5784443                    /home/genie/.gradle/wrapper/dists/gradle-4.4-all/9br9xq1tocpiv8o6njlyu5op1/gradle-4.4/lib/native-platform-windows-i386-0.14.jar
7fa1e4001000-7fa1e4002000 r--s 00001000 08:05 5784444                    /home/genie/.gradle/wrapper/dists/gradle-4.4-all/9br9xq1tocpiv8o6njlyu5op1/gradle-4.4/lib/native-platform-linux-amd64-ncurses5-0.14.jar
7fa1e4002000-7fa1e4003000 r--s 00001000 08:05 5784446                    /home/genie/.gradle/wrapper/dists/gradle-4.4-all/9br9xq1tocpiv8o6njlyu5op1/gradle-4.4/lib/native-platform-linux-amd64-ncurses6-0.14.jar
7fa1e4003000-7fa1e4004000 r--s 00001000 08:05 5784447                    /home/genie/.gradle/wrapper/dists/gradle-4.4-all/9br9xq1tocpiv8o6njlyu5op1/gradle-4.4/lib/native-platform-linux-i386-ncurses5-0.14.jar
7fa1e4004000-7fa1e4005000 r--s 00001000 08:05 5784448                    /home/genie/.gradle/wrapper/dists/gradle-4.4-all/9br9xq1tocpiv8o6njlyu5op1/gradle-4.4/lib/native-platform-linux-i386-ncurses6-0.14.jar
7fa1e4005000-7fa1e4009000 r--s 00012000 08:05 5784423                    /home/genie/.gradle/wrapper/dists/gradle-4.4-all/9br9xq1tocpiv8o6njlyu5op1/gradle-4.4/lib/native-platform-0.14.jar
7fa1e4009000-7fa1e400c000 r--s 0000c000 08:05 5784394                    /home/genie/.gradle/wrapper/dists/gradle-4.4-all/9br9xq1tocpiv8o6njlyu5op1/gradle-4.4/lib/gradle-native-4.4.jar
7fa1e400c000-7fa1e400e000 r--s 0000f000 08:05 5784405                    /home/genie/.gradle/wrapper/dists/gradle-4.4-all/9br9xq1tocpiv8o6njlyu5op1/gradle-4.4/lib/reflectasm-1.07-shaded.jar
7fa1e400e000-7fa1e4010000 r--s 00000000 08:05 5784449                    /home/genie/.gradle/wrapper/dists/gradle-4.4-all/9br9xq1tocpiv8o6njlyu5op1/gradle-4.4/lib/minlog-1.2.jar
7fa1e4010000-7fa1e4012000 r--s 00007000 08:05 5784450                    /home/genie/.gradle/wrapper/dists/gradle-4.4-all/9br9xq1tocpiv8o6njlyu5op1/gradle-4.4/lib/objenesis-1.2.jar
7fa1e4012000-7fa1e4016000 r--s 00026000 08:05 5784404                    /home/genie/.gradle/wrapper/dists/gradle-4.4-all/9br9xq1tocpiv8o6njlyu5op1/gradle-4.4/lib/kryo-2.20.jar
7fa1e4016000-7fa1e401c000 r--s 0002b000 08:05 5784398                    /home/genie/.gradle/wrapper/dists/gradle-4.4-all/9br9xq1tocpiv8o6njlyu5op1/gradle-4.4/lib/gradle-messaging-4.4.jar
7fa1e401c000-7fa1e401e000 r--s 00006000 08:05 5784391                    /home/genie/.gradle/wrapper/dists/gradle-4.4-all/9br9xq1tocpiv8o6njlyu5op1/gradle-4.4/lib/gradle-process-services-4.4.jar
7fa1e401e000-7fa1e4023000 r--s 00041000 08:05 5784414                    /home/genie/.gradle/wrapper/dists/gradle-4.4-all/9br9xq1tocpiv8o6njlyu5op1/gradle-4.4/lib/commons-lang-2.6.jar
7fa1e4023000-7fa1e4026000 r--s 00006000 08:05 5784413                    /home/genie/.gradle/wrapper/dists/gradle-4.4-all/9br9xq1tocpiv8o6njlyu5op1/gradle-4.4/lib/jsr305-1.3.9.jar
7fa1e4026000-7fa1e402e000 r--s 000bd000 08:05 5784406                    /home/genie/.gradle/wrapper/dists/gradle-4.4-all/9br9xq1tocpiv8o6njlyu5op1/gradle-4.4/lib/asm-debug-all-6.0_ALPHA.jar
7fa1e402e000-7fa1e404d000 r--s 001d5000 08:05 5784418                    /home/genie/.gradle/wrapper/dists/gradle-4.4-all/9br9xq1tocpiv8o6njlyu5op1/gradle-4.4/lib/ant-1.9.9.jar
7fa1e404d000-7fa1e4089000 r--s 00204000 08:05 5784386                    /home/genie/.gradle/wrapper/dists/gradle-4.4-all/9br9xq1tocpiv8o6njlyu5op1/gradle-4.4/lib/gradle-core-4.4.jar
7fa1e4089000-7fa1e4c8f000 rw-p 00000000 00:00 0 
7fa1e4c8f000-7fa1e4c90000 ---p 00000000 00:00 0 
7fa1e4c90000-7fa1e4d90000 rw-p 00000000 00:00 0                          [stack:6378]
7fa1e4d90000-7fa1e4d91000 ---p 00000000 00:00 0 
7fa1e4d91000-7fa1e4eae000 rw-p 00000000 00:00 0                          [stack:6377]
7fa1e4eae000-7fa1e5091000 ---p 00000000 00:00 0 
7fa1e5091000-7fa1e50ae000 rw-p 00000000 00:00 0 
7fa1e50ae000-7fa1e5291000 ---p 00000000 00:00 0 
7fa1e5291000-7fa1e530c000 rw-p 00000000 00:00 0 
7fa1e530c000-7fa1e5391000 ---p 00000000 00:00 0 
7fa1e5391000-7fa1e53d7000 rw-p 00000000 00:00 0 
7fa1e53d7000-7fa1e5752000 ---p 00000000 00:00 0 
7fa1e5752000-7fa1e576c000 r-xp 00000000 08:05 5508722                    /home/genie/Downloads/android-studio/jre/jre/lib/amd64/libzip.so
7fa1e576c000-7fa1e596c000 ---p 0001a000 08:05 5508722                    /home/genie/Downloads/android-studio/jre/jre/lib/amd64/libzip.so
7fa1e596c000-7fa1e596d000 r--p 0001a000 08:05 5508722                    /home/genie/Downloads/android-studio/jre/jre/lib/amd64/libzip.so
7fa1e596d000-7fa1e596e000 rw-p 0001b000 08:05 5508722                    /home/genie/Downloads/android-studio/jre/jre/lib/amd64/libzip.so
7fa1e596e000-7fa1e5978000 r-xp 00000000 08:05 3933404                    /lib/x86_64-linux-gnu/libnss_files-2.19.so
7fa1e5978000-7fa1e5b77000 ---p 0000a000 08:05 3933404                    /lib/x86_64-linux-gnu/libnss_files-2.19.so
7fa1e5b77000-7fa1e5b78000 r--p 00009000 08:05 3933404                    /lib/x86_64-linux-gnu/libnss_files-2.19.so
7fa1e5b78000-7fa1e5b79000 rw-p 0000a000 08:05 3933404                    /lib/x86_64-linux-gnu/libnss_files-2.19.so
7fa1e5b79000-7fa1e5b84000 r-xp 00000000 08:05 3933444                    /lib/x86_64-linux-gnu/libnss_nis-2.19.so
7fa1e5b84000-7fa1e5d83000 ---p 0000b000 08:05 3933444                    /lib/x86_64-linux-gnu/libnss_nis-2.19.so
7fa1e5d83000-7fa1e5d84000 r--p 0000a000 08:05 3933444                    /lib/x86_64-linux-gnu/libnss_nis-2.19.so
7fa1e5d84000-7fa1e5d85000 rw-p 0000b000 08:05 3933444                    /lib/x86_64-linux-gnu/libnss_nis-2.19.so
7fa1e5d85000-7fa1e5d9c000 r-xp 00000000 08:05 3933362                    /lib/x86_64-linux-gnu/libnsl-2.19.so
7fa1e5d9c000-7fa1e5f9b000 ---p 00017000 08:05 3933362                    /lib/x86_64-linux-gnu/libnsl-2.19.so
7fa1e5f9b000-7fa1e5f9c000 r--p 00016000 08:05 3933362                    /lib/x86_64-linux-gnu/libnsl-2.19.so
7fa1e5f9c000-7fa1e5f9d000 rw-p 00017000 08:05 3933362                    /lib/x86_64-linux-gnu/libnsl-2.19.so
7fa1e5f9d000-7fa1e5f9f000 rw-p 00000000 00:00 0 
7fa1e5f9f000-7fa1e5fa8000 r-xp 00000000 08:05 3933440                    /lib/x86_64-linux-gnu/libnss_compat-2.19.so
7fa1e5fa8000-7fa1e61a7000 ---p 00009000 08:05 3933440                    /lib/x86_64-linux-gnu/libnss_compat-2.19.so
7fa1e61a7000-7fa1e61a8000 r--p 00008000 08:05 3933440                    /lib/x86_64-linux-gnu/libnss_compat-2.19.so
7fa1e61a8000-7fa1e61a9000 rw-p 00009000 08:05 3933440                    /lib/x86_64-linux-gnu/libnss_compat-2.19.so
7fa1e61a9000-7fa1e61d6000 r-xp 00000000 08:05 5508735                    /home/genie/Downloads/android-studio/jre/jre/lib/amd64/libjava.so
7fa1e61d6000-7fa1e63d5000 ---p 0002d000 08:05 5508735                    /home/genie/Downloads/android-studio/jre/jre/lib/amd64/libjava.so
7fa1e63d5000-7fa1e63d6000 r--p 0002c000 08:05 5508735                    /home/genie/Downloads/android-studio/jre/jre/lib/amd64/libjava.so
7fa1e63d6000-7fa1e63d8000 rw-p 0002d000 08:05 5508735                    /home/genie/Downloads/android-studio/jre/jre/lib/amd64/libjava.so
7fa1e63d8000-7fa1e63e8000 r-xp 00000000 08:05 5508708                    /home/genie/Downloads/android-studio/jre/jre/lib/amd64/libverify.so
7fa1e63e8000-7fa1e65e7000 ---p 00010000 08:05 5508708                    /home/genie/Downloads/android-studio/jre/jre/lib/amd64/libverify.so
7fa1e65e7000-7fa1e65e9000 r--p 0000f000 08:05 5508708                    /home/genie/Downloads/android-studio/jre/jre/lib/amd64/libverify.so
7fa1e65e9000-7fa1e65ea000 rw-p 00011000 08:05 5508708                    /home/genie/Downloads/android-studio/jre/jre/lib/amd64/libverify.so
7fa1e65ea000-7fa1e65f1000 r-xp 00000000 08:05 3933420                    /lib/x86_64-linux-gnu/librt-2.19.so
7fa1e65f1000-7fa1e67f0000 ---p 00007000 08:05 3933420                    /lib/x86_64-linux-gnu/librt-2.19.so
7fa1e67f0000-7fa1e67f1000 r--p 00006000 08:05 3933420                    /lib/x86_64-linux-gnu/librt-2.19.so
7fa1e67f1000-7fa1e67f2000 rw-p 00007000 08:05 3933420                    /lib/x86_64-linux-gnu/librt-2.19.so
7fa1e67f2000-7fa1e68f7000 r-xp 00000000 08:05 3933408                    /lib/x86_64-linux-gnu/libm-2.19.so
7fa1e68f7000-7fa1e6af6000 ---p 00105000 08:05 3933408                    /lib/x86_64-linux-gnu/libm-2.19.so
7fa1e6af6000-7fa1e6af7000 r--p 00104000 08:05 3933408                    /lib/x86_64-linux-gnu/libm-2.19.so
7fa1e6af7000-7fa1e6af8000 rw-p 00105000 08:05 3933408                    /lib/x86_64-linux-gnu/libm-2.19.so
7fa1e6af8000-7fa1e76f4000 r-xp 00000000 08:05 5508746                    /home/genie/Downloads/android-studio/jre/jre/lib/amd64/server/libjvm.so
7fa1e76f4000-7fa1e78f4000 ---p 00bfc000 08:05 5508746                    /home/genie/Downloads/android-studio/jre/jre/lib/amd64/server/libjvm.so
7fa1e78f4000-7fa1e7994000 r--p 00bfc000 08:05 5508746                    /home/genie/Downloads/android-studio/jre/jre/lib/amd64/server/libjvm.so
7fa1e7994000-7fa1e79bd000 rw-p 00c9c000 08:05 5508746                    /home/genie/Downloads/android-studio/jre/jre/lib/amd64/server/libjvm.so
7fa1e79bd000-7fa1e7a01000 rw-p 00000000 00:00 0 
7fa1e7a01000-7fa1e7a1a000 r-xp 00000000 08:05 3933412                    /lib/x86_64-linux-gnu/libpthread-2.19.so
7fa1e7a1a000-7fa1e7c19000 ---p 00019000 08:05 3933412                    /lib/x86_64-linux-gnu/libpthread-2.19.so
7fa1e7c19000-7fa1e7c1a000 r--p 00018000 08:05 3933412                    /lib/x86_64-linux-gnu/libpthread-2.19.so
7fa1e7c1a000-7fa1e7c1b000 rw-p 00019000 08:05 3933412                    /lib/x86_64-linux-gnu/libpthread-2.19.so
7fa1e7c1b000-7fa1e7c1f000 rw-p 00000000 00:00 0 
7fa1e7c1f000-7fa1e7c22000 r-xp 00000000 08:05 3933418                    /lib/x86_64-linux-gnu/libdl-2.19.so
7fa1e7c22000-7fa1e7e21000 ---p 00003000 08:05 3933418                    /lib/x86_64-linux-gnu/libdl-2.19.so
7fa1e7e21000-7fa1e7e22000 r--p 00002000 08:05 3933418                    /lib/x86_64-linux-gnu/libdl-2.19.so
7fa1e7e22000-7fa1e7e23000 rw-p 00003000 08:05 3933418                    /lib/x86_64-linux-gnu/libdl-2.19.so
7fa1e7e23000-7fa1e7fe1000 r-xp 00000000 08:05 3933410                    /lib/x86_64-linux-gnu/libc-2.19.so
7fa1e7fe1000-7fa1e81e1000 ---p 001be000 08:05 3933410                    /lib/x86_64-linux-gnu/libc-2.19.so
7fa1e81e1000-7fa1e81e5000 r--p 001be000 08:05 3933410                    /lib/x86_64-linux-gnu/libc-2.19.so
7fa1e81e5000-7fa1e81e7000 rw-p 001c2000 08:05 3933410                    /lib/x86_64-linux-gnu/libc-2.19.so
7fa1e81e7000-7fa1e81ec000 rw-p 00000000 00:00 0 
7fa1e81ec000-7fa1e8202000 r-xp 00000000 08:05 5508554                    /home/genie/Downloads/android-studio/jre/lib/amd64/jli/libjli.so
7fa1e8202000-7fa1e8401000 ---p 00016000 08:05 5508554                    /home/genie/Downloads/android-studio/jre/lib/amd64/jli/libjli.so
7fa1e8401000-7fa1e8402000 r--p 00015000 08:05 5508554                    /home/genie/Downloads/android-studio/jre/lib/amd64/jli/libjli.so
7fa1e8402000-7fa1e8403000 rw-p 00016000 08:05 5508554                    /home/genie/Downloads/android-studio/jre/lib/amd64/jli/libjli.so
7fa1e8403000-7fa1e8426000 r-xp 00000000 08:05 3933435                    /lib/x86_64-linux-gnu/ld-2.19.so
7fa1e8426000-7fa1e8428000 r--s 00000000 08:05 5784387                    /home/genie/.gradle/wrapper/dists/gradle-4.4-all/9br9xq1tocpiv8o6njlyu5op1/gradle-4.4/lib/gradle-jvm-services-4.4.jar
7fa1e8428000-7fa1e8434000 r--s 00032000 08:05 5784388                    /home/genie/.gradle/wrapper/dists/gradle-4.4-all/9br9xq1tocpiv8o6njlyu5op1/gradle-4.4/lib/gradle-core-api-4.4.jar
7fa1e8434000-7fa1e843f000 r--s 0005b000 08:05 5784399                    /home/genie/.gradle/wrapper/dists/gradle-4.4-all/9br9xq1tocpiv8o6njlyu5op1/gradle-4.4/lib/gradle-base-services-4.4.jar
7fa1e843f000-7fa1e8501000 rw-p 00000000 00:00 0 
7fa1e8501000-7fa1e8504000 ---p 00000000 00:00 0 
7fa1e8504000-7fa1e8606000 rw-p 00000000 00:00 0                          [stack:6376]
7fa1e8606000-7fa1e8607000 r--s 00000000 08:05 5784415                    /home/genie/.gradle/wrapper/dists/gradle-4.4-all/9br9xq1tocpiv8o6njlyu5op1/gradle-4.4/lib/jcip-annotations-1.0.jar
7fa1e8607000-7fa1e8608000 r--s 00007000 08:05 5784411                    /home/genie/.gradle/wrapper/dists/gradle-4.4-all/9br9xq1tocpiv8o6njlyu5op1/gradle-4.4/lib/slf4j-api-1.7.10.jar
7fa1e8608000-7fa1e860c000 r--s 00027000 08:05 5784407                    /home/genie/.gradle/wrapper/dists/gradle-4.4-all/9br9xq1tocpiv8o6njlyu5op1/gradle-4.4/lib/commons-io-2.2.jar
7fa1e860c000-7fa1e860d000 r--s 00004000 08:05 5784432                    /home/genie/.gradle/wrapper/dists/gradle-4.4-all/9br9xq1tocpiv8o6njlyu5op1/gradle-4.4/lib/ant-launcher-1.9.9.jar
7fa1e860d000-7fa1e8619000 r--s 0005f000 08:05 5784381                    /home/genie/.gradle/wrapper/dists/gradle-4.4-all/9br9xq1tocpiv8o6njlyu5op1/gradle-4.4/lib/gradle-launcher-4.4.jar
7fa1e8619000-7fa1e8621000 rw-s 00000000 08:05 3685967                    /tmp/hsperfdata_genie/6372
7fa1e8621000-7fa1e8622000 rw-p 00000000 00:00 0 
7fa1e8622000-7fa1e8623000 ---p 00000000 00:00 0 
7fa1e8623000-7fa1e8625000 rw-p 00000000 00:00 0 
7fa1e8625000-7fa1e8626000 r--p 00022000 08:05 3933435                    /lib/x86_64-linux-gnu/ld-2.19.so
7fa1e8626000-7fa1e8627000 rw-p 00023000 08:05 3933435                    /lib/x86_64-linux-gnu/ld-2.19.so
7fa1e8627000-7fa1e8628000 rw-p 00000000 00:00 0 
7fff2cb75000-7fff2cb96000 rw-p 00000000 00:00 0                          [stack]
7fff2cbfe000-7fff2cc00000 r-xp 00000000 00:00 0                          [vdso]
ffffffffff600000-ffffffffff601000 r-xp 00000000 00:00 0                  [vsyscall]

VM Arguments:
jvm_args: -Xmx1536m -Dfile.encoding=UTF-8 -Duser.country=IN -Duser.language=en -Duser.variant 
java_command: org.gradle.launcher.daemon.bootstrap.GradleDaemon 4.4
java_class_path (initial): /home/genie/.gradle/wrapper/dists/gradle-4.4-all/9br9xq1tocpiv8o6njlyu5op1/gradle-4.4/lib/gradle-launcher-4.4.jar
Launcher Type: SUN_STANDARD

Environment Variables:
PATH=/usr/local/sbin:/usr/local/bin:/usr/sbin:/usr/bin:/sbin:/bin:/usr/games:/usr/local/games
SHELL=/bin/bash
DISPLAY=:0

Signal Handlers:
SIGSEGV: [libjvm.so+0x9edb30], sa_mask[0]=11111111011111111101111111111110, sa_flags=SA_RESTART|SA_SIGINFO
SIGBUS: [libjvm.so+0x9edb30], sa_mask[0]=11111111011111111101111111111110, sa_flags=SA_RESTART|SA_SIGINFO
SIGFPE: [libjvm.so+0x84e800], sa_mask[0]=11111111011111111101111111111110, sa_flags=SA_RESTART|SA_SIGINFO
SIGPIPE: [libjvm.so+0x84e800], sa_mask[0]=11111111011111111101111111111110, sa_flags=SA_RESTART|SA_SIGINFO
SIGXFSZ: [libjvm.so+0x84e800], sa_mask[0]=11111111011111111101111111111110, sa_flags=SA_RESTART|SA_SIGINFO
SIGILL: [libjvm.so+0x84e800], sa_mask[0]=11111111011111111101111111111110, sa_flags=SA_RESTART|SA_SIGINFO
SIGUSR1: SIG_DFL, sa_mask[0]=00000000000000000000000000000000, sa_flags=none
SIGUSR2: [libjvm.so+0x84e6d0], sa_mask[0]=00100000000000000000000000000000, sa_flags=SA_RESTART|SA_SIGINFO
SIGHUP: [libjvm.so+0x84e8c0], sa_mask[0]=11111111011111111101111111111110, sa_flags=SA_RESTART|SA_SIGINFO
SIGINT: [libjvm.so+0x84e8c0], sa_mask[0]=11111111011111111101111111111110, sa_flags=SA_RESTART|SA_SIGINFO
SIGTERM: [libjvm.so+0x84e8c0], sa_mask[0]=11111111011111111101111111111110, sa_flags=SA_RESTART|SA_SIGINFO
SIGQUIT: [libjvm.so+0x84e8c0], sa_mask[0]=11111111011111111101111111111110, sa_flags=SA_RESTART|SA_SIGINFO


---------------  S Y S T E M  ---------------

OS:DISTRIB_ID=Ubuntu
DISTRIB_RELEASE=14.04
DISTRIB_CODENAME=trusty
DISTRIB_DESCRIPTION="Ubuntu 14.04.5 LTS"

uname:Linux 3.13.0-24-generic #47-Ubuntu SMP Fri May 2 23:30:00 UTC 2014 x86_64
libc:glibc 2.19 NPTL 2.19 
rlimit: STACK 8192k, CORE 0k, NPROC 31176, NOFILE 4096, AS infinity
load average:34.96 23.80 11.86

/proc/meminfo:
MemTotal:        4012172 kB
MemFree:          187488 kB
Buffers:            1116 kB
Cached:           404208 kB
SwapCached:        35488 kB
Active:          2693468 kB
Inactive:         951624 kB
Active(anon):    2691764 kB
Inactive(anon):   903512 kB
Active(file):       1704 kB
Inactive(file):    48112 kB
Unevictable:          32 kB
Mlocked:              32 kB
SwapTotal:       1998844 kB
SwapFree:         666008 kB
Dirty:               296 kB
Writeback:             0 kB
AnonPages:       3205236 kB
Mapped:            10492 kB
Shmem:            355284 kB
Slab:              76176 kB
SReclaimable:      43220 kB
SUnreclaim:        32956 kB
KernelStack:        5000 kB
PageTables:        47248 kB
NFS_Unstable:          0 kB
Bounce:                0 kB
WritebackTmp:          0 kB
CommitLimit:     4004928 kB
Committed_AS:    9217028 kB
VmallocTotal:   34359738367 kB
VmallocUsed:      543272 kB
VmallocChunk:   34359187932 kB
HardwareCorrupted:     0 kB
AnonHugePages:    882688 kB
HugePages_Total:       0
HugePages_Free:        0
HugePages_Rsvd:        0
HugePages_Surp:        0
Hugepagesize:       2048 kB
DirectMap4k:       78720 kB
DirectMap2M:     4079616 kB


CPU:total 2 (initial active 2) (2 cores per cpu, 1 threads per core) family 6 model 23 stepping 10, cmov, cx8, fxsr, mmx, sse, sse2, sse3, ssse3, sse4.1, tsc

/proc/cpuinfo:
processor	: 0
vendor_id	: GenuineIntel
cpu family	: 6
model		: 23
model name	: Intel(R) Core(TM)2 Duo CPU     E7400  @ 2.80GHz
stepping	: 10
microcode	: 0xa0b
cpu MHz		: 2800.000
cache size	: 3072 KB
physical id	: 0
siblings	: 2
core id		: 0
cpu cores	: 2
apicid		: 0
initial apicid	: 0
fpu		: yes
fpu_exception	: yes
cpuid level	: 13
wp		: yes
flags		: fpu vme de pse tsc msr pae mce cx8 apic sep mtrr pge mca cmov pat pse36 clflush dts acpi mmx fxsr sse sse2 ss ht tm pbe syscall nx lm constant_tsc arch_perfmon pebs bts rep_good nopl aperfmperf pni dtes64 monitor ds_cpl est tm2 ssse3 cx16 xtpr pdcm sse4_1 xsave lahf_lm dtherm
bogomips	: 5600.34
clflush size	: 64
cache_alignment	: 64
address sizes	: 36 bits physical, 48 bits virtual
power management:

processor	: 1
vendor_id	: GenuineIntel
cpu family	: 6
model		: 23
model name	: Intel(R) Core(TM)2 Duo CPU     E7400  @ 2.80GHz
stepping	: 10
microcode	: 0xa0b
cpu MHz		: 2800.000
cache size	: 3072 KB
physical id	: 0
siblings	: 2
core id		: 1
cpu cores	: 2
apicid		: 1
initial apicid	: 1
fpu		: yes
fpu_exception	: yes
cpuid level	: 13
wp		: yes
flags		: fpu vme de pse tsc msr pae mce cx8 apic sep mtrr pge mca cmov pat pse36 clflush dts acpi mmx fxsr sse sse2 ss ht tm pbe syscall nx lm constant_tsc arch_perfmon pebs bts rep_good nopl aperfmperf pni dtes64 monitor ds_cpl est tm2 ssse3 cx16 xtpr pdcm sse4_1 xsave lahf_lm dtherm
bogomips	: 5600.34
clflush size	: 64
cache_alignment	: 64
address sizes	: 36 bits physical, 48 bits virtual
power management:



Memory: 4k page, physical 4012172k(187488k free), swap 1998844k(666008k free)

vm_info: OpenJDK 64-Bit Server VM (25.152-b01) for linux-amd64 JRE (1.8.0_152-release-1024-b01), built by "builder" with gcc 4.8.4

time: Wed Apr 10 11:53:45 2019
elapsed time: 505 seconds (0d 0h 8m 25s)

